Log file open, 03/05/20 15:48:35
LogWindows: Failed to load 'aqProf.dll' (GetLastError=126)
LogWindows: File 'aqProf.dll' does not exist
LogWindows: Failed to load 'VtuneApi.dll' (GetLastError=126)
LogWindows: File 'VtuneApi.dll' does not exist
LogWindows: Failed to load 'VtuneApi32e.dll' (GetLastError=126)
LogWindows: File 'VtuneApi32e.dll' does not exist
LogConsoleResponse: Display: Failed to find resolution value strings in scalability ini. Falling back to default.
LogInit: Display: Running engine for game: HelloSerial
LogPlatformFile: Not using cached read wrapper
LogTaskGraph: Started task graph with 5 named threads and 23 total threads with 3 sets of task threads.
LogStats: Stats thread started at 0.066463
LogD3D11RHI: Loaded GFSDK_Aftermath_Lib.x64.dll
LogICUInternationalization: ICU TimeZone Detection - Raw Offset: -3:00, Platform Override: ''
LogPluginManager: Mounting plugin Paper2D
LogPluginManager: Mounting plugin AISupport
LogPluginManager: Mounting plugin LightPropagationVolume
LogPluginManager: Mounting plugin ActorLayerUtilities
LogPluginManager: Mounting plugin AnimationSharing
LogPluginManager: Mounting plugin CLionSourceCodeAccess
LogPluginManager: Mounting plugin CodeLiteSourceCodeAccess
LogPluginManager: Mounting plugin GitSourceControl
LogPluginManager: Mounting plugin KDevelopSourceCodeAccess
LogPluginManager: Mounting plugin NullSourceCodeAccess
LogPluginManager: Mounting plugin PerforceSourceControl
LogPluginManager: Mounting plugin PlasticSourceControl
LogPluginManager: Mounting plugin SubversionSourceControl
LogPluginManager: Mounting plugin UObjectPlugin
LogPluginManager: Mounting plugin VisualStudioCodeSourceCodeAccess
LogPluginManager: Mounting plugin VisualStudioSourceCodeAccess
LogPluginManager: Mounting plugin XCodeSourceCodeAccess
LogPluginManager: Mounting plugin AssetManagerEditor
LogPluginManager: Mounting plugin CryptoKeys
LogPluginManager: Mounting plugin CurveEditorTools
LogPluginManager: Mounting plugin DataValidation
LogPluginManager: Mounting plugin FacialAnimation
LogPluginManager: Mounting plugin GameplayTagsEditor
LogPluginManager: Mounting plugin MacGraphicsSwitching
LogPluginManager: Mounting plugin MaterialAnalyzer
LogPluginManager: Mounting plugin MobileLauncherProfileWizard
LogPluginManager: Mounting plugin PluginBrowser
LogPluginManager: Mounting plugin SpeedTreeImporter
LogPluginManager: Mounting plugin DatasmithContent
LogPluginManager: Mounting plugin VariantManagerContent
LogPluginManager: Mounting plugin AlembicImporter
LogPluginManager: Mounting plugin AutomationUtils
LogPluginManager: Mounting plugin BackChannel
LogPluginManager: Mounting plugin CharacterAI
LogPluginManager: Mounting plugin GeometryCache
LogPluginManager: Mounting plugin PlatformCrypto
LogPluginManager: Mounting plugin ProxyLODPlugin
LogPluginManager: Mounting plugin SkeletalReduction
LogPluginManager: Mounting plugin MagicLeap
LogPluginManager: Mounting plugin MagicLeapMedia
LogPluginManager: Mounting plugin MLSDK
LogPluginManager: Mounting plugin AndroidMedia
LogPluginManager: Mounting plugin AvfMedia
LogPluginManager: Mounting plugin ImgMedia
LogPluginManager: Mounting plugin MediaCompositing
LogPluginManager: Mounting plugin MediaPlayerEditor
LogPluginManager: Mounting plugin WebMMedia
LogPluginManager: Mounting plugin WmfMedia
LogPluginManager: Mounting plugin TcpMessaging
LogPluginManager: Mounting plugin UdpMessaging
LogPluginManager: Mounting plugin ActorSequence
LogPluginManager: Mounting plugin LevelSequenceEditor
LogPluginManager: Mounting plugin MatineeToLevelSequence
LogPluginManager: Mounting plugin NetcodeUnitTest
LogPluginManager: Mounting plugin NUTUnrealEngine4
LogPluginManager: Mounting plugin OnlineSubsystemGooglePlay
LogPluginManager: Mounting plugin OnlineSubsystemIOS
LogPluginManager: Mounting plugin OnlineSubsystem
LogPluginManager: Mounting plugin OnlineSubsystemNull
LogPluginManager: Mounting plugin OnlineSubsystemUtils
LogPluginManager: Mounting plugin LauncherChunkInstaller
LogPluginManager: Mounting plugin AndroidDeviceProfileSelector
LogPluginManager: Mounting plugin AndroidMoviePlayer
LogPluginManager: Mounting plugin AndroidPermission
LogPluginManager: Mounting plugin AppleImageUtils
LogPluginManager: Mounting plugin AppleMoviePlayer
LogPluginManager: Mounting plugin ArchVisCharacter
LogPluginManager: Mounting plugin AssetTags
LogPluginManager: Mounting plugin AudioCapture
LogPluginManager: Mounting plugin CableComponent
LogPluginManager: Mounting plugin CustomMeshComponent
LogPluginManager: Mounting plugin EditableMesh
LogPluginManager: Mounting plugin ExampleDeviceProfileSelector
LogPluginManager: Mounting plugin GoogleCloudMessaging
LogPluginManager: Mounting plugin IOSDeviceProfileSelector
LogPluginManager: Mounting plugin LinuxDeviceProfileSelector
LogPluginManager: Mounting plugin LocationServicesBPLibrary
LogPluginManager: Mounting plugin MobilePatchingUtils
LogPluginManager: Mounting plugin OculusVR
LogPluginManager: Mounting plugin PhysXVehicles
LogPluginManager: Mounting plugin PostSplashScreen
LogPluginManager: Mounting plugin ProceduralMeshComponent
LogPluginManager: Mounting plugin RuntimePhysXCooking
LogPluginManager: Mounting plugin SignificanceManager
LogPluginManager: Mounting plugin SteamVR
LogPluginManager: Mounting plugin WebMMoviePlayer
LogPluginManager: Mounting plugin WindowsMoviePlayer
LogPluginManager: Mounting plugin ScreenshotTools
LogPluginManager: Mounting plugin UnrealSerial
LogInit: Using libcurl 7.55.1-DEV
LogInit:  - built for x86_64-pc-win32
LogInit:  - supports SSL with OpenSSL/1.1.1
LogInit:  - supports HTTP deflate (compression) using libz 1.2.8
LogInit:  - other features:
LogInit:      CURL_VERSION_SSL
LogInit:      CURL_VERSION_LIBZ
LogInit:      CURL_VERSION_IPV6
LogInit:      CURL_VERSION_ASYNCHDNS
LogInit:      CURL_VERSION_LARGEFILE
LogInit:      CURL_VERSION_IDN
LogInit:  CurlRequestOptions (configurable via config and command line):
LogInit:  - bVerifyPeer = true  - Libcurl will verify peer certificate
LogInit:  - bUseHttpProxy = false  - Libcurl will NOT use HTTP proxy
LogInit:  - bDontReuseConnections = false  - Libcurl will reuse connections
LogInit:  - MaxHostConnections = 16  - Libcurl will limit the number of connections to a host
LogInit:  - LocalHostAddr = Default
LogInit:  - BufferSize = 65536
LogOnline: OSS: Creating online subsystem instance for: NULL
LogInit: WinSock: version 1.1 (2.2), MaxSocks=32767, MaxUdp=65467
LogOnline: OSS: TryLoadSubsystemAndSetDefault: Loaded subsystem for module [NULL]
LogInit: Build: ++UE4+Release-4.24-CL-11100242
LogInit: Engine Version: 4.24.2-11100242+++UE4+Release-4.24
LogInit: Compatible Engine Version: 4.24.0-10570792+++UE4+Release-4.24
LogInit: Net CL: 10570792
LogInit: OS: Windows 10 (Release 1909) (), CPU: Intel(R) Core(TM) i7-8565U CPU @ 1.80GHz, GPU: Intel(R) UHD Graphics 620
LogInit: Compiled (64-bit): Jan 24 2020 02:05:53
LogInit: Compiled with Visual C++: 19.16.27032.01
LogInit: Build Configuration: Development
LogInit: Branch Name: ++UE4+Release-4.24
LogInit: Command Line: 
LogInit: Base Directory: C:/Program Files/Epic Games/UE_4.24/Engine/Binaries/Win64/
LogInit: Installed Engine Build: 1
LogDevObjectVersion: Number of dev versions registered: 25
LogDevObjectVersion:   Dev-Blueprints (B0D832E4-1F89-4F0D-ACCF-7EB736FD4AA2): 10
LogDevObjectVersion:   Dev-Build (E1C64328-A22C-4D53-A36C-8E866417BD8C): 0
LogDevObjectVersion:   Dev-Core (375EC13C-06E4-48FB-B500-84F0262A717E): 3
LogDevObjectVersion:   Dev-Editor (E4B068ED-F494-42E9-A231-DA0B2E46BB41): 37
LogDevObjectVersion:   Dev-Framework (CFFC743F-43B0-4480-9391-14DF171D2073): 36
LogDevObjectVersion:   Dev-Mobile (B02B49B5-BB20-44E9-A304-32B752E40360): 2
LogDevObjectVersion:   Dev-Networking (A4E4105C-59A1-49B5-A7C5-40C4547EDFEE): 0
LogDevObjectVersion:   Dev-Online (39C831C9-5AE6-47DC-9A44-9C173E1C8E7C): 0
LogDevObjectVersion:   Dev-Physics (78F01B33-EBEA-4F98-B9B4-84EACCB95AA2): 2
LogDevObjectVersion:   Dev-Platform (6631380F-2D4D-43E0-8009-CF276956A95A): 0
LogDevObjectVersion:   Dev-Rendering (12F88B9F-8875-4AFC-A67C-D90C383ABD29): 36
LogDevObjectVersion:   Dev-Sequencer (7B5AE74C-D270-4C10-A958-57980B212A5A): 11
LogDevObjectVersion:   Dev-VR (D7296918-1DD6-4BDD-9DE2-64A83CC13884): 2
LogDevObjectVersion:   Dev-LoadTimes (C2A15278-BFE7-4AFE-6C17-90FF531DF755): 1
LogDevObjectVersion:   Private-Geometry (6EACA3D4-40EC-4CC1-B786-8BED09428FC5): 3
LogDevObjectVersion:   Dev-AnimPhys (29E575DD-E0A3-4627-9D10-D276232CDCEA): 17
LogDevObjectVersion:   Dev-Anim (AF43A65D-7FD3-4947-9873-3E8ED9C1BB05): 2
LogDevObjectVersion:   Dev-ReflectionCapture (6B266CEC-1EC7-4B8F-A30B-E4D90942FC07): 1
LogDevObjectVersion:   Dev-Automation (0DF73D61-A23F-47EA-B727-89E90C41499A): 1
LogDevObjectVersion:   FortniteMain (601D1886-AC64-4F84-AA16-D3DE0DEAC7D6): 31
LogDevObjectVersion:   Dev-Enterprise (9DFFBCD6-494F-0158-E221-12823C92A888): 8
LogDevObjectVersion:   Dev-Niagara (F2AED0AC-9AFE-416F-8664-AA7FFA26D6FC): 1
LogDevObjectVersion:   Dev-Destruction (174F1F0B-B4C6-45A5-B13F-2EE8D0FB917D): 9
LogDevObjectVersion:   Dev-Physics-Ext (35F94A83-E258-406C-A318-09F59610247C): 8
LogDevObjectVersion:   Dev-CineCamera (B2E18506-4273-CFC2-A54E-F4BB758BBA07): 1
LogInit: Presizing for max 25165824 objects, including 0 objects not considered by GC, pre-allocating 0 bytes for permanent pool.
LogInit: Object subsystem initialized
LogConfig: Setting CVar [[con.DebugEarlyDefault:1]]
LogConfig: Setting CVar [[r.setres:1280x720]]
[2020.03.05-18.48.35:783][  0]LogConfig: Setting CVar [[r.VSync:0]]
[2020.03.05-18.48.35:783][  0]LogConfig: Setting CVar [[r.RHICmdBypass:0]]
[2020.03.05-18.48.35:783][  0]LogConfig: Applying CVar settings from Section [/Script/Engine.RendererSettings] File [C:/Users/Player Ghost/Documents/Unreal Projects/PongIntegration/Plugins/HelloSerial/Saved/Config/Windows/Engine.ini]
[2020.03.05-18.48.35:783][  0]LogConfig: Setting CVar [[r.GPUCrashDebugging:0]]
[2020.03.05-18.48.35:783][  0]LogConfig: Setting CVar [[r.MobileHDR:1]]
[2020.03.05-18.48.35:783][  0]LogConfig: Setting CVar [[r.Mobile.DisableVertexFog:1]]
[2020.03.05-18.48.35:783][  0]LogConfig: Setting CVar [[r.Shadow.CSM.MaxMobileCascades:2]]
[2020.03.05-18.48.35:783][  0]LogConfig: Setting CVar [[r.MobileMSAA:1]]
[2020.03.05-18.48.35:783][  0]LogConfig: Setting CVar [[r.Mobile.UseLegacyShadingModel:0]]
[2020.03.05-18.48.35:783][  0]LogConfig: Setting CVar [[r.Mobile.UseHWsRGBEncoding:0]]
[2020.03.05-18.48.35:783][  0]LogConfig: Setting CVar [[r.Mobile.AllowDitheredLODTransition:0]]
[2020.03.05-18.48.35:783][  0]LogConfig: Setting CVar [[r.Mobile.AllowSoftwareOcclusion:0]]
[2020.03.05-18.48.35:783][  0]LogConfig: Setting CVar [[r.DiscardUnusedQuality:0]]
[2020.03.05-18.48.35:783][  0]LogConfig: Setting CVar [[r.AllowOcclusionQueries:1]]
[2020.03.05-18.48.35:783][  0]LogConfig: Setting CVar [[r.MinScreenRadiusForLights:0.030000]]
[2020.03.05-18.48.35:783][  0]LogConfig: Setting CVar [[r.MinScreenRadiusForDepthPrepass:0.030000]]
[2020.03.05-18.48.35:783][  0]LogConfig: Setting CVar [[r.MinScreenRadiusForCSMDepth:0.010000]]
[2020.03.05-18.48.35:783][  0]LogConfig: Setting CVar [[r.PrecomputedVisibilityWarning:0]]
[2020.03.05-18.48.35:783][  0]LogConfig: Setting CVar [[r.TextureStreaming:1]]
[2020.03.05-18.48.35:783][  0]LogConfig: Setting CVar [[Compat.UseDXT5NormalMaps:0]]
[2020.03.05-18.48.35:783][  0]LogConfig: Setting CVar [[r.VirtualTextures:0]]
[2020.03.05-18.48.35:783][  0]LogConfig: Setting CVar [[r.VirtualTexturedLightmaps:0]]
[2020.03.05-18.48.35:783][  0]LogConfig: Setting CVar [[r.VT.TileSize:128]]
[2020.03.05-18.48.35:783][  0]LogConfig: Setting CVar [[r.VT.TileBorderSize:4]]
[2020.03.05-18.48.35:783][  0]LogConfig: Setting CVar [[r.vt.FeedbackFactor:16]]
[2020.03.05-18.48.35:783][  0]LogConfig: Setting CVar [[r.VT.EnableCompressZlib:1]]
[2020.03.05-18.48.35:783][  0]LogConfig: Setting CVar [[r.VT.EnableCompressCrunch:0]]
[2020.03.05-18.48.35:783][  0]LogConfig: Setting CVar [[r.ClearCoatNormal:0]]
[2020.03.05-18.48.35:783][  0]LogConfig: Setting CVar [[r.ReflectionCaptureResolution:128]]
[2020.03.05-18.48.35:783][  0]LogConfig: Setting CVar [[r.ReflectionEnvironmentLightmapMixBasedOnRoughness:1]]
[2020.03.05-18.48.35:783][  0]LogConfig: Setting CVar [[r.ForwardShading:0]]
[2020.03.05-18.48.35:783][  0]LogConfig: Setting CVar [[r.VertexFoggingForOpaque:1]]
[2020.03.05-18.48.35:783][  0]LogConfig: Setting CVar [[r.AllowStaticLighting:1]]
[2020.03.05-18.48.35:783][  0]LogConfig: Setting CVar [[r.NormalMapsForStaticLighting:0]]
[2020.03.05-18.48.35:783][  0]LogConfig: Setting CVar [[r.GenerateMeshDistanceFields:0]]
[2020.03.05-18.48.35:783][  0]LogConfig: Setting CVar [[r.DistanceFieldBuild.EightBit:0]]
[2020.03.05-18.48.35:783][  0]LogConfig: Setting CVar [[r.GenerateLandscapeGIData:0]]
[2020.03.05-18.48.35:783][  0]LogConfig: Setting CVar [[r.DistanceFieldBuild.Compress:0]]
[2020.03.05-18.48.35:783][  0]LogConfig: Setting CVar [[r.TessellationAdaptivePixelsPerTriangle:48.000000]]
[2020.03.05-18.48.35:783][  0]LogConfig: Setting CVar [[r.SeparateTranslucency:1]]
[2020.03.05-18.48.35:783][  0]LogConfig: Setting CVar [[r.TranslucentSortPolicy:0]]
[2020.03.05-18.48.35:783][  0]LogConfig: Setting CVar [[r.CustomDepth:1]]
[2020.03.05-18.48.35:783][  0]LogConfig: Setting CVar [[r.CustomDepthTemporalAAJitter:1]]
[2020.03.05-18.48.35:783][  0]LogConfig: Setting CVar [[r.PostProcessing.PropagateAlpha:0]]
[2020.03.05-18.48.35:783][  0]LogConfig: Setting CVar [[r.DefaultFeature.Bloom:1]]
[2020.03.05-18.48.35:783][  0]LogConfig: Setting CVar [[r.DefaultFeature.AmbientOcclusion:1]]
[2020.03.05-18.48.35:783][  0]LogConfig: Setting CVar [[r.DefaultFeature.AmbientOcclusionStaticFraction:1]]
[2020.03.05-18.48.35:783][  0]LogConfig: Setting CVar [[r.DefaultFeature.AutoExposure:0]]
[2020.03.05-18.48.35:783][  0]LogConfig: Setting CVar [[r.DefaultFeature.AutoExposure.Method:0]]
[2020.03.05-18.48.35:783][  0]LogConfig: Setting CVar [[r.DefaultFeature.AutoExposure.ExtendDefaultLuminanceRange:1]]
[2020.03.05-18.48.35:783][  0]LogConfig: Setting CVar [[r.UsePreExposure:1]]
[2020.03.05-18.48.35:783][  0]LogConfig: Setting CVar [[r.EyeAdaptation.EditorOnly:1]]
[2020.03.05-18.48.35:783][  0]LogConfig: Setting CVar [[r.DefaultFeature.MotionBlur:0]]
[2020.03.05-18.48.35:783][  0]LogConfig: Setting CVar [[r.DefaultFeature.LensFlare:0]]
[2020.03.05-18.48.35:783][  0]LogConfig: Setting CVar [[r.TemporalAA.Upsampling:0]]
[2020.03.05-18.48.35:783][  0]LogConfig: Setting CVar [[r.DefaultFeature.AntiAliasing:0]]
[2020.03.05-18.48.35:783][  0]LogConfig: Setting CVar [[r.DefaultFeature.LightUnits:1]]
[2020.03.05-18.48.35:783][  0]LogConfig: Setting CVar [[r.DefaultBackBufferPixelFormat:4]]
[2020.03.05-18.48.35:783][  0]LogConfig: Setting CVar [[r.Shadow.UnbuiltPreviewInGame:1]]
[2020.03.05-18.48.35:784][  0]LogConfig: Setting CVar [[r.StencilForLODDither:0]]
[2020.03.05-18.48.35:784][  0]LogConfig: Setting CVar [[r.EarlyZPass:3]]
[2020.03.05-18.48.35:784][  0]LogConfig: Setting CVar [[r.EarlyZPassOnlyMaterialMasking:0]]
[2020.03.05-18.48.35:784][  0]LogConfig: Setting CVar [[r.DBuffer:1]]
[2020.03.05-18.48.35:784][  0]LogConfig: Setting CVar [[r.ClearSceneMethod:1]]
[2020.03.05-18.48.35:784][  0]LogConfig: Setting CVar [[r.BasePassOutputsVelocity:0]]
[2020.03.05-18.48.35:784][  0]LogConfig: Setting CVar [[r.SelectiveBasePassOutputs:0]]
[2020.03.05-18.48.35:784][  0]LogConfig: Setting CVar [[fx.GPUSimulationTextureSizeX:1024]]
[2020.03.05-18.48.35:784][  0]LogConfig: Setting CVar [[fx.GPUSimulationTextureSizeY:1024]]
[2020.03.05-18.48.35:784][  0]LogConfig: Setting CVar [[r.AllowGlobalClipPlane:0]]
[2020.03.05-18.48.35:784][  0]LogConfig: Setting CVar [[r.GBufferFormat:1]]
[2020.03.05-18.48.35:784][  0]LogConfig: Setting CVar [[r.MorphTarget.Mode:1]]
[2020.03.05-18.48.35:784][  0]LogConfig: Setting CVar [[vr.InstancedStereo:0]]
[2020.03.05-18.48.35:784][  0]LogConfig: Setting CVar [[vr.MultiView:0]]
[2020.03.05-18.48.35:784][  0]LogConfig: Setting CVar [[vr.MobileMultiView:0]]
[2020.03.05-18.48.35:784][  0]LogConfig: Setting CVar [[vr.MobileMultiView.Direct:0]]
[2020.03.05-18.48.35:784][  0]LogConfig: Setting CVar [[vr.RoundRobinOcclusion:0]]
[2020.03.05-18.48.35:784][  0]LogConfig: Setting CVar [[vr.ODSCapture:0]]
[2020.03.05-18.48.35:784][  0]LogConfig: Setting CVar [[r.WireframeCullThreshold:5.000000]]
[2020.03.05-18.48.35:784][  0]LogConfig: Setting CVar [[r.RayTracing:0]]
[2020.03.05-18.48.35:784][  0]LogConfig: Setting CVar [[r.SupportStationarySkylight:1]]
[2020.03.05-18.48.35:784][  0]LogConfig: Setting CVar [[r.SupportLowQualityLightmaps:1]]
[2020.03.05-18.48.35:784][  0]LogConfig: Setting CVar [[r.SupportPointLightWholeSceneShadows:1]]
[2020.03.05-18.48.35:784][  0]LogConfig: Setting CVar [[r.SupportAtmosphericFog:1]]
[2020.03.05-18.48.35:784][  0]LogConfig: Setting CVar [[r.SkinCache.CompileShaders:0]]
[2020.03.05-18.48.35:784][  0]LogConfig: Setting CVar [[r.Mobile.EnableStaticAndCSMShadowReceivers:1]]
[2020.03.05-18.48.35:784][  0]LogConfig: Setting CVar [[r.Mobile.EnableMovableLightCSMShaderCulling:1]]
[2020.03.05-18.48.35:784][  0]LogConfig: Setting CVar [[r.Mobile.AllowDistanceFieldShadows:1]]
[2020.03.05-18.48.35:784][  0]LogConfig: Setting CVar [[r.Mobile.AllowMovableDirectionalLights:1]]
[2020.03.05-18.48.35:784][  0]LogConfig: Setting CVar [[r.MobileNumDynamicPointLights:4]]
[2020.03.05-18.48.35:784][  0]LogConfig: Setting CVar [[r.MobileDynamicPointLightsUseStaticBranch:1]]
[2020.03.05-18.48.35:784][  0]LogConfig: Setting CVar [[r.Mobile.EnableMovableSpotlights:0]]
[2020.03.05-18.48.35:784][  0]LogConfig: Setting CVar [[r.SkinCache.SceneMemoryLimitInMB:128.000000]]
[2020.03.05-18.48.35:784][  0]LogConfig: Setting CVar [[r.GPUSkin.Limit2BoneInfluences:0]]
[2020.03.05-18.48.35:784][  0]LogConfig: Setting CVar [[r.SupportDepthOnlyIndexBuffers:1]]
[2020.03.05-18.48.35:784][  0]LogConfig: Setting CVar [[r.SupportReversedIndexBuffers:1]]
[2020.03.05-18.48.35:784][  0]LogConfig: Setting CVar [[r.SupportMaterialLayers:0]]
[2020.03.05-18.48.35:784][  0]LogConfig: Applying CVar settings from Section [/Script/Engine.RendererOverrideSettings] File [C:/Users/Player Ghost/Documents/Unreal Projects/PongIntegration/Plugins/HelloSerial/Saved/Config/Windows/Engine.ini]
[2020.03.05-18.48.35:784][  0]LogConfig: Applying CVar settings from Section [/Script/Engine.StreamingSettings] File [C:/Users/Player Ghost/Documents/Unreal Projects/PongIntegration/Plugins/HelloSerial/Saved/Config/Windows/Engine.ini]
[2020.03.05-18.48.35:784][  0]LogConfig: Setting CVar [[s.MinBulkDataSizeForAsyncLoading:131072]]
[2020.03.05-18.48.35:784][  0]LogConfig: Setting CVar [[s.AsyncLoadingThreadEnabled:0]]
[2020.03.05-18.48.35:784][  0]LogConfig: Setting CVar [[s.EventDrivenLoaderEnabled:1]]
[2020.03.05-18.48.35:784][  0]LogConfig: Setting CVar [[s.WarnIfTimeLimitExceeded:0]]
[2020.03.05-18.48.35:784][  0]LogConfig: Setting CVar [[s.TimeLimitExceededMultiplier:1.5]]
[2020.03.05-18.48.35:784][  0]LogConfig: Setting CVar [[s.TimeLimitExceededMinTime:0.005]]
[2020.03.05-18.48.35:784][  0]LogConfig: Setting CVar [[s.UseBackgroundLevelStreaming:1]]
[2020.03.05-18.48.35:784][  0]LogConfig: Setting CVar [[s.PriorityAsyncLoadingExtraTime:15.0]]
[2020.03.05-18.48.35:784][  0]LogConfig: Setting CVar [[s.LevelStreamingActorsUpdateTimeLimit:5.0]]
[2020.03.05-18.48.35:784][  0]LogConfig: Setting CVar [[s.PriorityLevelStreamingActorsUpdateExtraTime:5.0]]
[2020.03.05-18.48.35:784][  0]LogConfig: Setting CVar [[s.LevelStreamingComponentsRegistrationGranularity:10]]
[2020.03.05-18.48.35:784][  0]LogConfig: Setting CVar [[s.UnregisterComponentsTimeLimit:1.0]]
[2020.03.05-18.48.35:784][  0]LogConfig: Setting CVar [[s.LevelStreamingComponentsUnregistrationGranularity:5]]
[2020.03.05-18.48.35:784][  0]LogConfig: Setting CVar [[s.FlushStreamingOnExit:1]]
[2020.03.05-18.48.35:784][  0]LogConfig: Applying CVar settings from Section [/Script/Engine.GarbageCollectionSettings] File [C:/Users/Player Ghost/Documents/Unreal Projects/PongIntegration/Plugins/HelloSerial/Saved/Config/Windows/Engine.ini]
[2020.03.05-18.48.35:784][  0]LogConfig: Setting CVar [[gc.MaxObjectsNotConsideredByGC:1]]
[2020.03.05-18.48.35:784][  0]LogConfig: Setting CVar [[gc.SizeOfPermanentObjectPool:0]]
[2020.03.05-18.48.35:784][  0]LogConfig: Setting CVar [[gc.FlushStreamingOnGC:0]]
[2020.03.05-18.48.35:784][  0]LogConfig: Setting CVar [[gc.NumRetriesBeforeForcingGC:10]]
[2020.03.05-18.48.35:784][  0]LogConfig: Setting CVar [[gc.AllowParallelGC:1]]
[2020.03.05-18.48.35:784][  0]LogConfig: Setting CVar [[gc.TimeBetweenPurgingPendingKillObjects:61.1]]
[2020.03.05-18.48.35:784][  0]LogConfig: Setting CVar [[gc.MaxObjectsInEditor:25165824]]
[2020.03.05-18.48.35:784][  0]LogConfig: Setting CVar [[gc.IncrementalBeginDestroyEnabled:1]]
[2020.03.05-18.48.35:784][  0]LogConfig: Setting CVar [[gc.CreateGCClusters:1]]
[2020.03.05-18.48.35:784][  0]LogConfig: Setting CVar [[gc.MinGCClusterSize:5]]
[2020.03.05-18.48.35:784][  0]LogConfig: Setting CVar [[gc.ActorClusteringEnabled:0]]
[2020.03.05-18.48.35:784][  0]LogConfig: Setting CVar [[gc.BlueprintClusteringEnabled:0]]
[2020.03.05-18.48.35:784][  0]LogConfig: Setting CVar [[gc.UseDisregardForGCOnDedicatedServers:0]]
[2020.03.05-18.48.35:784][  0]LogConfig: Applying CVar settings from Section [/Script/Engine.NetworkSettings] File [C:/Users/Player Ghost/Documents/Unreal Projects/PongIntegration/Plugins/HelloSerial/Saved/Config/Windows/Engine.ini]
[2020.03.05-18.48.35:784][  0]LogConfig: Applying CVar settings from Section [/Script/UnrealEd.CookerSettings] File [C:/Users/Player Ghost/Documents/Unreal Projects/PongIntegration/Plugins/HelloSerial/Saved/Config/Windows/Engine.ini]
[2020.03.05-18.48.35:788][  0]LogConfig: Applying CVar settings from Section [ViewDistanceQuality@3] File [C:/Users/Player Ghost/Documents/Unreal Projects/PongIntegration/Plugins/HelloSerial/Saved/Config/Windows/Scalability.ini]
[2020.03.05-18.48.35:788][  0]LogConfig: Setting CVar [[r.SkeletalMeshLODBias:0]]
[2020.03.05-18.48.35:788][  0]LogConfig: Setting CVar [[r.ViewDistanceScale:1.0]]
[2020.03.05-18.48.35:788][  0]LogConfig: Applying CVar settings from Section [AntiAliasingQuality@3] File [C:/Users/Player Ghost/Documents/Unreal Projects/PongIntegration/Plugins/HelloSerial/Saved/Config/Windows/Scalability.ini]
[2020.03.05-18.48.35:788][  0]LogConfig: Setting CVar [[r.PostProcessAAQuality:4]]
[2020.03.05-18.48.35:788][  0]LogConfig: Applying CVar settings from Section [ShadowQuality@3] File [C:/Users/Player Ghost/Documents/Unreal Projects/PongIntegration/Plugins/HelloSerial/Saved/Config/Windows/Scalability.ini]
[2020.03.05-18.48.35:788][  0]LogConfig: Setting CVar [[r.LightFunctionQuality:1]]
[2020.03.05-18.48.35:788][  0]LogConfig: Setting CVar [[r.ShadowQuality:5]]
[2020.03.05-18.48.35:788][  0]LogConfig: Setting CVar [[r.Shadow.CSM.MaxCascades:10]]
[2020.03.05-18.48.35:788][  0]LogConfig: Setting CVar [[r.Shadow.MaxResolution:2048]]
[2020.03.05-18.48.35:788][  0]LogConfig: Setting CVar [[r.Shadow.MaxCSMResolution:2048]]
[2020.03.05-18.48.35:788][  0]LogConfig: Setting CVar [[r.Shadow.RadiusThreshold:0.01]]
[2020.03.05-18.48.35:788][  0]LogConfig: Setting CVar [[r.Shadow.DistanceScale:1.0]]
[2020.03.05-18.48.35:788][  0]LogConfig: Setting CVar [[r.Shadow.CSM.TransitionScale:1.0]]
[2020.03.05-18.48.35:788][  0]LogConfig: Setting CVar [[r.Shadow.PreShadowResolutionFactor:1.0]]
[2020.03.05-18.48.35:788][  0]LogConfig: Setting CVar [[r.DistanceFieldShadowing:1]]
[2020.03.05-18.48.35:788][  0]LogConfig: Setting CVar [[r.DistanceFieldAO:1]]
[2020.03.05-18.48.35:788][  0]LogConfig: Setting CVar [[r.AOQuality:2]]
[2020.03.05-18.48.35:788][  0]LogConfig: Setting CVar [[r.VolumetricFog:1]]
[2020.03.05-18.48.35:788][  0]LogConfig: Setting CVar [[r.VolumetricFog.GridPixelSize:8]]
[2020.03.05-18.48.35:788][  0]LogConfig: Setting CVar [[r.VolumetricFog.GridSizeZ:128]]
[2020.03.05-18.48.35:788][  0]LogConfig: Setting CVar [[r.VolumetricFog.HistoryMissSupersampleCount:4]]
[2020.03.05-18.48.35:788][  0]LogConfig: Setting CVar [[r.LightMaxDrawDistanceScale:1]]
[2020.03.05-18.48.35:788][  0]LogConfig: Setting CVar [[r.CapsuleShadows:1]]
[2020.03.05-18.48.35:788][  0]LogConfig: Applying CVar settings from Section [PostProcessQuality@3] File [C:/Users/Player Ghost/Documents/Unreal Projects/PongIntegration/Plugins/HelloSerial/Saved/Config/Windows/Scalability.ini]
[2020.03.05-18.48.35:788][  0]LogConfig: Setting CVar [[r.MotionBlurQuality:4]]
[2020.03.05-18.48.35:788][  0]LogConfig: Setting CVar [[r.AmbientOcclusionMipLevelFactor:0.4]]
[2020.03.05-18.48.35:788][  0]LogConfig: Setting CVar [[r.AmbientOcclusionMaxQuality:100]]
[2020.03.05-18.48.35:788][  0]LogConfig: Setting CVar [[r.AmbientOcclusionLevels:-1]]
[2020.03.05-18.48.35:788][  0]LogConfig: Setting CVar [[r.AmbientOcclusionRadiusScale:1.0]]
[2020.03.05-18.48.35:789][  0]LogConfig: Setting CVar [[r.DepthOfFieldQuality:2]]
[2020.03.05-18.48.35:789][  0]LogConfig: Setting CVar [[r.RenderTargetPoolMin:400]]
[2020.03.05-18.48.35:789][  0]LogConfig: Setting CVar [[r.LensFlareQuality:2]]
[2020.03.05-18.48.35:789][  0]LogConfig: Setting CVar [[r.SceneColorFringeQuality:1]]
[2020.03.05-18.48.35:789][  0]LogConfig: Setting CVar [[r.EyeAdaptationQuality:2]]
[2020.03.05-18.48.35:789][  0]LogConfig: Setting CVar [[r.BloomQuality:5]]
[2020.03.05-18.48.35:789][  0]LogConfig: Setting CVar [[r.FastBlurThreshold:100]]
[2020.03.05-18.48.35:789][  0]LogConfig: Setting CVar [[r.Upscale.Quality:3]]
[2020.03.05-18.48.35:789][  0]LogConfig: Setting CVar [[r.Tonemapper.GrainQuantization:1]]
[2020.03.05-18.48.35:789][  0]LogConfig: Setting CVar [[r.LightShaftQuality:1]]
[2020.03.05-18.48.35:789][  0]LogConfig: Setting CVar [[r.Filter.SizeScale:1]]
[2020.03.05-18.48.35:789][  0]LogConfig: Setting CVar [[r.Tonemapper.Quality:5]]
[2020.03.05-18.48.35:789][  0]LogConfig: Setting CVar [[r.DOF.Gather.AccumulatorQuality:1        ; higher gathering accumulator quality]]
[2020.03.05-18.48.35:789][  0]LogConfig: Setting CVar [[r.DOF.Gather.PostfilterMethod:1          ; Median3x3 postfilering method]]
[2020.03.05-18.48.35:789][  0]LogConfig: Setting CVar [[r.DOF.Gather.EnableBokehSettings:0       ; no bokeh simulation when gathering]]
[2020.03.05-18.48.35:789][  0]LogConfig: Setting CVar [[r.DOF.Gather.RingCount:4                 ; medium number of samples when gathering]]
[2020.03.05-18.48.35:789][  0]LogConfig: Setting CVar [[r.DOF.Scatter.ForegroundCompositing:1    ; additive foreground scattering]]
[2020.03.05-18.48.35:789][  0]LogConfig: Setting CVar [[r.DOF.Scatter.BackgroundCompositing:2    ; additive background scattering]]
[2020.03.05-18.48.35:789][  0]LogConfig: Setting CVar [[r.DOF.Scatter.EnableBokehSettings:1      ; bokeh simulation when scattering]]
[2020.03.05-18.48.35:789][  0]LogConfig: Setting CVar [[r.DOF.Scatter.MaxSpriteRatio:0.1         ; only a maximum of 10% of scattered bokeh]]
[2020.03.05-18.48.35:789][  0]LogConfig: Setting CVar [[r.DOF.Recombine.Quality:1                ; cheap slight out of focus]]
[2020.03.05-18.48.35:789][  0]LogConfig: Setting CVar [[r.DOF.Recombine.EnableBokehSettings:0    ; no bokeh simulation on slight out of focus]]
[2020.03.05-18.48.35:789][  0]LogConfig: Setting CVar [[r.DOF.TemporalAAQuality:1                ; more stable temporal accumulation]]
[2020.03.05-18.48.35:789][  0]LogConfig: Setting CVar [[r.DOF.Kernel.MaxForegroundRadius:0.025]]
[2020.03.05-18.48.35:789][  0]LogConfig: Setting CVar [[r.DOF.Kernel.MaxBackgroundRadius:0.025]]
[2020.03.05-18.48.35:789][  0]LogConfig: Applying CVar settings from Section [TextureQuality@3] File [C:/Users/Player Ghost/Documents/Unreal Projects/PongIntegration/Plugins/HelloSerial/Saved/Config/Windows/Scalability.ini]
[2020.03.05-18.48.35:789][  0]LogConfig: Setting CVar [[r.Streaming.MipBias:0]]
[2020.03.05-18.48.35:789][  0]LogConfig: Setting CVar [[r.Streaming.AmortizeCPUToGPUCopy:0]]
[2020.03.05-18.48.35:789][  0]LogConfig: Setting CVar [[r.Streaming.MaxNumTexturesToStreamPerFrame:0]]
[2020.03.05-18.48.35:789][  0]LogConfig: Setting CVar [[r.Streaming.Boost:1]]
[2020.03.05-18.48.35:789][  0]LogConfig: Setting CVar [[r.MaxAnisotropy:8]]
[2020.03.05-18.48.35:789][  0]LogConfig: Setting CVar [[r.VT.MaxAnisotropy:8]]
[2020.03.05-18.48.35:789][  0]LogConfig: Setting CVar [[r.Streaming.LimitPoolSizeToVRAM:0]]
[2020.03.05-18.48.35:789][  0]LogConfig: Setting CVar [[r.Streaming.PoolSize:1000]]
[2020.03.05-18.48.35:789][  0]LogConfig: Setting CVar [[r.Streaming.MaxEffectiveScreenSize:0]]
[2020.03.05-18.48.35:789][  0]LogConfig: Applying CVar settings from Section [EffectsQuality@3] File [C:/Users/Player Ghost/Documents/Unreal Projects/PongIntegration/Plugins/HelloSerial/Saved/Config/Windows/Scalability.ini]
[2020.03.05-18.48.35:789][  0]LogConfig: Setting CVar [[r.TranslucencyLightingVolumeDim:64]]
[2020.03.05-18.48.35:789][  0]LogConfig: Setting CVar [[r.RefractionQuality:2]]
[2020.03.05-18.48.35:789][  0]LogConfig: Setting CVar [[r.SSR.Quality:3]]
[2020.03.05-18.48.35:789][  0]LogConfig: Setting CVar [[r.SSR.HalfResSceneColor:0]]
[2020.03.05-18.48.35:789][  0]LogConfig: Setting CVar [[r.SceneColorFormat:4]]
[2020.03.05-18.48.35:789][  0]LogConfig: Setting CVar [[r.DetailMode:2]]
[2020.03.05-18.48.35:789][  0]LogConfig: Setting CVar [[r.TranslucencyVolumeBlur:1]]
[2020.03.05-18.48.35:789][  0]LogConfig: Setting CVar [[r.MaterialQualityLevel:1 ; High quality]]
[2020.03.05-18.48.35:789][  0]LogConfig: Setting CVar [[r.SSS.Scale:1]]
[2020.03.05-18.48.35:789][  0]LogConfig: Setting CVar [[r.SSS.SampleSet:2]]
[2020.03.05-18.48.35:789][  0]LogConfig: Setting CVar [[r.SSS.Quality:1]]
[2020.03.05-18.48.35:789][  0]LogConfig: Setting CVar [[r.SSS.HalfRes:1]]
[2020.03.05-18.48.35:789][  0]LogConfig: Setting CVar [[r.SSGI.Quality:3]]
[2020.03.05-18.48.35:789][  0]LogConfig: Setting CVar [[r.EmitterSpawnRateScale:1.0]]
[2020.03.05-18.48.35:789][  0]LogConfig: Setting CVar [[r.ParticleLightQuality:2]]
[2020.03.05-18.48.35:789][  0]LogConfig: Setting CVar [[r.SkyAtmosphere.AerialPerspectiveLUT.FastApplyOnOpaque:1 ; Always have FastSkyLUT 1 in this case to avoid wrong sky]]
[2020.03.05-18.48.35:789][  0]LogConfig: Setting CVar [[r.SkyAtmosphere.AerialPerspectiveLUT.SampleCountPerSlice:1]]
[2020.03.05-18.48.35:789][  0]LogConfig: Setting CVar [[r.SkyAtmosphere.AerialPerspectiveLUT.DepthResolution:16.0]]
[2020.03.05-18.48.35:789][  0]LogConfig: Setting CVar [[r.SkyAtmosphere.FastSkyLUT:1]]
[2020.03.05-18.48.35:789][  0]LogConfig: Setting CVar [[r.SkyAtmosphere.FastSkyLUT.SampleCountMin:4.0]]
[2020.03.05-18.48.35:789][  0]LogConfig: Setting CVar [[r.SkyAtmosphere.FastSkyLUT.SampleCountMax:32.0]]
[2020.03.05-18.48.35:789][  0]LogConfig: Setting CVar [[r.SkyAtmosphere.SampleCountMin:4.0]]
[2020.03.05-18.48.35:789][  0]LogConfig: Setting CVar [[r.SkyAtmosphere.SampleCountMax:32.0]]
[2020.03.05-18.48.35:789][  0]LogConfig: Setting CVar [[r.SkyAtmosphere.TransmittanceLUT.UseSmallFormat:0]]
[2020.03.05-18.48.35:789][  0]LogConfig: Setting CVar [[r.SkyAtmosphere.TransmittanceLUT.SampleCount:10.0]]
[2020.03.05-18.48.35:789][  0]LogConfig: Setting CVar [[r.SkyAtmosphere.MultiScatteringLUT.SampleCount:15.0]]
[2020.03.05-18.48.35:789][  0]LogConfig: Applying CVar settings from Section [FoliageQuality@3] File [C:/Users/Player Ghost/Documents/Unreal Projects/PongIntegration/Plugins/HelloSerial/Saved/Config/Windows/Scalability.ini]
[2020.03.05-18.48.35:789][  0]LogConfig: Setting CVar [[foliage.DensityScale:1.0]]
[2020.03.05-18.48.35:789][  0]LogConfig: Setting CVar [[grass.DensityScale:1.0]]
[2020.03.05-18.48.35:789][  0]LogConfig: Applying CVar settings from Section [ShadingQuality@3] File [C:/Users/Player Ghost/Documents/Unreal Projects/PongIntegration/Plugins/HelloSerial/Saved/Config/Windows/Scalability.ini]
[2020.03.05-18.48.35:789][  0]LogConfig: Setting CVar [[r.HairStrands.SkyLighting.SampleCount:16]]
[2020.03.05-18.48.35:789][  0]LogConfig: Setting CVar [[r.HairStrands.SkyLighting.JitterIntegration:0]]
[2020.03.05-18.48.35:789][  0]LogConfig: Setting CVar [[r.HairStrands.SkyAO.SampleCount:16]]
[2020.03.05-18.48.35:789][  0]LogInit: Selected Device Profile: [Windows]
[2020.03.05-18.48.35:789][  0]LogInit: Applying CVar settings loaded from the selected device profile: [Windows]
[2020.03.05-18.48.35:792][  0]LogHAL: Display: Platform has ~ 8 GB [8464355328 / 8589934592 / 8], which maps to Default [LargestMinGB=32, LargerMinGB=12, DefaultMinGB=8, SmallerMinGB=6, SmallestMinGB=0)
[2020.03.05-18.48.35:792][  0]LogInit: Going up to parent DeviceProfile []
[2020.03.05-18.48.35:792][  0]LogConfig: Applying CVar settings from Section [ViewDistanceQuality@3] File [C:/Users/Player Ghost/Documents/Unreal Projects/PongIntegration/Plugins/HelloSerial/Saved/Config/Windows/Scalability.ini]
[2020.03.05-18.48.35:792][  0]LogConfig: Setting CVar [[r.SkeletalMeshLODBias:0]]
[2020.03.05-18.48.35:792][  0]LogConfig: Setting CVar [[r.ViewDistanceScale:1.0]]
[2020.03.05-18.48.35:792][  0]LogConfig: Applying CVar settings from Section [AntiAliasingQuality@3] File [C:/Users/Player Ghost/Documents/Unreal Projects/PongIntegration/Plugins/HelloSerial/Saved/Config/Windows/Scalability.ini]
[2020.03.05-18.48.35:792][  0]LogConfig: Setting CVar [[r.PostProcessAAQuality:4]]
[2020.03.05-18.48.35:792][  0]LogConfig: Applying CVar settings from Section [ShadowQuality@3] File [C:/Users/Player Ghost/Documents/Unreal Projects/PongIntegration/Plugins/HelloSerial/Saved/Config/Windows/Scalability.ini]
[2020.03.05-18.48.35:792][  0]LogConfig: Setting CVar [[r.LightFunctionQuality:1]]
[2020.03.05-18.48.35:792][  0]LogConfig: Setting CVar [[r.ShadowQuality:5]]
[2020.03.05-18.48.35:792][  0]LogConfig: Setting CVar [[r.Shadow.CSM.MaxCascades:10]]
[2020.03.05-18.48.35:792][  0]LogConfig: Setting CVar [[r.Shadow.MaxResolution:2048]]
[2020.03.05-18.48.35:792][  0]LogConfig: Setting CVar [[r.Shadow.MaxCSMResolution:2048]]
[2020.03.05-18.48.35:792][  0]LogConfig: Setting CVar [[r.Shadow.RadiusThreshold:0.01]]
[2020.03.05-18.48.35:792][  0]LogConfig: Setting CVar [[r.Shadow.DistanceScale:1.0]]
[2020.03.05-18.48.35:792][  0]LogConfig: Setting CVar [[r.Shadow.CSM.TransitionScale:1.0]]
[2020.03.05-18.48.35:792][  0]LogConfig: Setting CVar [[r.Shadow.PreShadowResolutionFactor:1.0]]
[2020.03.05-18.48.35:792][  0]LogConfig: Setting CVar [[r.DistanceFieldShadowing:1]]
[2020.03.05-18.48.35:792][  0]LogConfig: Setting CVar [[r.DistanceFieldAO:1]]
[2020.03.05-18.48.35:792][  0]LogConfig: Setting CVar [[r.AOQuality:2]]
[2020.03.05-18.48.35:792][  0]LogConfig: Setting CVar [[r.VolumetricFog:1]]
[2020.03.05-18.48.35:792][  0]LogConfig: Setting CVar [[r.VolumetricFog.GridPixelSize:8]]
[2020.03.05-18.48.35:792][  0]LogConfig: Setting CVar [[r.VolumetricFog.GridSizeZ:128]]
[2020.03.05-18.48.35:792][  0]LogConfig: Setting CVar [[r.VolumetricFog.HistoryMissSupersampleCount:4]]
[2020.03.05-18.48.35:792][  0]LogConfig: Setting CVar [[r.LightMaxDrawDistanceScale:1]]
[2020.03.05-18.48.35:792][  0]LogConfig: Setting CVar [[r.CapsuleShadows:1]]
[2020.03.05-18.48.35:792][  0]LogConfig: Applying CVar settings from Section [PostProcessQuality@3] File [C:/Users/Player Ghost/Documents/Unreal Projects/PongIntegration/Plugins/HelloSerial/Saved/Config/Windows/Scalability.ini]
[2020.03.05-18.48.35:792][  0]LogConfig: Setting CVar [[r.MotionBlurQuality:4]]
[2020.03.05-18.48.35:792][  0]LogConfig: Setting CVar [[r.AmbientOcclusionMipLevelFactor:0.4]]
[2020.03.05-18.48.35:792][  0]LogConfig: Setting CVar [[r.AmbientOcclusionMaxQuality:100]]
[2020.03.05-18.48.35:792][  0]LogConfig: Setting CVar [[r.AmbientOcclusionLevels:-1]]
[2020.03.05-18.48.35:792][  0]LogConfig: Setting CVar [[r.AmbientOcclusionRadiusScale:1.0]]
[2020.03.05-18.48.35:792][  0]LogConfig: Setting CVar [[r.DepthOfFieldQuality:2]]
[2020.03.05-18.48.35:792][  0]LogConfig: Setting CVar [[r.RenderTargetPoolMin:400]]
[2020.03.05-18.48.35:792][  0]LogConfig: Setting CVar [[r.LensFlareQuality:2]]
[2020.03.05-18.48.35:793][  0]LogConfig: Setting CVar [[r.SceneColorFringeQuality:1]]
[2020.03.05-18.48.35:793][  0]LogConfig: Setting CVar [[r.EyeAdaptationQuality:2]]
[2020.03.05-18.48.35:793][  0]LogConfig: Setting CVar [[r.BloomQuality:5]]
[2020.03.05-18.48.35:793][  0]LogConfig: Setting CVar [[r.FastBlurThreshold:100]]
[2020.03.05-18.48.35:793][  0]LogConfig: Setting CVar [[r.Upscale.Quality:3]]
[2020.03.05-18.48.35:793][  0]LogConfig: Setting CVar [[r.Tonemapper.GrainQuantization:1]]
[2020.03.05-18.48.35:793][  0]LogConfig: Setting CVar [[r.LightShaftQuality:1]]
[2020.03.05-18.48.35:793][  0]LogConfig: Setting CVar [[r.Filter.SizeScale:1]]
[2020.03.05-18.48.35:793][  0]LogConfig: Setting CVar [[r.Tonemapper.Quality:5]]
[2020.03.05-18.48.35:793][  0]LogConfig: Setting CVar [[r.DOF.Gather.AccumulatorQuality:1        ; higher gathering accumulator quality]]
[2020.03.05-18.48.35:793][  0]LogConfig: Setting CVar [[r.DOF.Gather.PostfilterMethod:1          ; Median3x3 postfilering method]]
[2020.03.05-18.48.35:793][  0]LogConfig: Setting CVar [[r.DOF.Gather.EnableBokehSettings:0       ; no bokeh simulation when gathering]]
[2020.03.05-18.48.35:793][  0]LogConfig: Setting CVar [[r.DOF.Gather.RingCount:4                 ; medium number of samples when gathering]]
[2020.03.05-18.48.35:793][  0]LogConfig: Setting CVar [[r.DOF.Scatter.ForegroundCompositing:1    ; additive foreground scattering]]
[2020.03.05-18.48.35:793][  0]LogConfig: Setting CVar [[r.DOF.Scatter.BackgroundCompositing:2    ; additive background scattering]]
[2020.03.05-18.48.35:793][  0]LogConfig: Setting CVar [[r.DOF.Scatter.EnableBokehSettings:1      ; bokeh simulation when scattering]]
[2020.03.05-18.48.35:793][  0]LogConfig: Setting CVar [[r.DOF.Scatter.MaxSpriteRatio:0.1         ; only a maximum of 10% of scattered bokeh]]
[2020.03.05-18.48.35:793][  0]LogConfig: Setting CVar [[r.DOF.Recombine.Quality:1                ; cheap slight out of focus]]
[2020.03.05-18.48.35:793][  0]LogConfig: Setting CVar [[r.DOF.Recombine.EnableBokehSettings:0    ; no bokeh simulation on slight out of focus]]
[2020.03.05-18.48.35:793][  0]LogConfig: Setting CVar [[r.DOF.TemporalAAQuality:1                ; more stable temporal accumulation]]
[2020.03.05-18.48.35:793][  0]LogConfig: Setting CVar [[r.DOF.Kernel.MaxForegroundRadius:0.025]]
[2020.03.05-18.48.35:793][  0]LogConfig: Setting CVar [[r.DOF.Kernel.MaxBackgroundRadius:0.025]]
[2020.03.05-18.48.35:793][  0]LogConfig: Applying CVar settings from Section [TextureQuality@3] File [C:/Users/Player Ghost/Documents/Unreal Projects/PongIntegration/Plugins/HelloSerial/Saved/Config/Windows/Scalability.ini]
[2020.03.05-18.48.35:793][  0]LogConfig: Setting CVar [[r.Streaming.MipBias:0]]
[2020.03.05-18.48.35:793][  0]LogConfig: Setting CVar [[r.Streaming.AmortizeCPUToGPUCopy:0]]
[2020.03.05-18.48.35:793][  0]LogConfig: Setting CVar [[r.Streaming.MaxNumTexturesToStreamPerFrame:0]]
[2020.03.05-18.48.35:793][  0]LogConfig: Setting CVar [[r.Streaming.Boost:1]]
[2020.03.05-18.48.35:793][  0]LogConfig: Setting CVar [[r.MaxAnisotropy:8]]
[2020.03.05-18.48.35:793][  0]LogConfig: Setting CVar [[r.VT.MaxAnisotropy:8]]
[2020.03.05-18.48.35:793][  0]LogConfig: Setting CVar [[r.Streaming.LimitPoolSizeToVRAM:0]]
[2020.03.05-18.48.35:793][  0]LogConfig: Setting CVar [[r.Streaming.PoolSize:1000]]
[2020.03.05-18.48.35:793][  0]LogConfig: Setting CVar [[r.Streaming.MaxEffectiveScreenSize:0]]
[2020.03.05-18.48.35:793][  0]LogConfig: Applying CVar settings from Section [EffectsQuality@3] File [C:/Users/Player Ghost/Documents/Unreal Projects/PongIntegration/Plugins/HelloSerial/Saved/Config/Windows/Scalability.ini]
[2020.03.05-18.48.35:793][  0]LogConfig: Setting CVar [[r.TranslucencyLightingVolumeDim:64]]
[2020.03.05-18.48.35:793][  0]LogConfig: Setting CVar [[r.RefractionQuality:2]]
[2020.03.05-18.48.35:793][  0]LogConfig: Setting CVar [[r.SSR.Quality:3]]
[2020.03.05-18.48.35:793][  0]LogConfig: Setting CVar [[r.SSR.HalfResSceneColor:0]]
[2020.03.05-18.48.35:793][  0]LogConfig: Setting CVar [[r.SceneColorFormat:4]]
[2020.03.05-18.48.35:793][  0]LogConfig: Setting CVar [[r.DetailMode:2]]
[2020.03.05-18.48.35:793][  0]LogConfig: Setting CVar [[r.TranslucencyVolumeBlur:1]]
[2020.03.05-18.48.35:793][  0]LogConfig: Setting CVar [[r.MaterialQualityLevel:1 ; High quality]]
[2020.03.05-18.48.35:793][  0]LogConfig: Setting CVar [[r.SSS.Scale:1]]
[2020.03.05-18.48.35:793][  0]LogConfig: Setting CVar [[r.SSS.SampleSet:2]]
[2020.03.05-18.48.35:793][  0]LogConfig: Setting CVar [[r.SSS.Quality:1]]
[2020.03.05-18.48.35:793][  0]LogConfig: Setting CVar [[r.SSS.HalfRes:1]]
[2020.03.05-18.48.35:793][  0]LogConfig: Setting CVar [[r.SSGI.Quality:3]]
[2020.03.05-18.48.35:793][  0]LogConfig: Setting CVar [[r.EmitterSpawnRateScale:1.0]]
[2020.03.05-18.48.35:793][  0]LogConfig: Setting CVar [[r.ParticleLightQuality:2]]
[2020.03.05-18.48.35:793][  0]LogConfig: Setting CVar [[r.SkyAtmosphere.AerialPerspectiveLUT.FastApplyOnOpaque:1 ; Always have FastSkyLUT 1 in this case to avoid wrong sky]]
[2020.03.05-18.48.35:793][  0]LogConfig: Setting CVar [[r.SkyAtmosphere.AerialPerspectiveLUT.SampleCountPerSlice:1]]
[2020.03.05-18.48.35:793][  0]LogConfig: Setting CVar [[r.SkyAtmosphere.AerialPerspectiveLUT.DepthResolution:16.0]]
[2020.03.05-18.48.35:793][  0]LogConfig: Setting CVar [[r.SkyAtmosphere.FastSkyLUT:1]]
[2020.03.05-18.48.35:793][  0]LogConfig: Setting CVar [[r.SkyAtmosphere.FastSkyLUT.SampleCountMin:4.0]]
[2020.03.05-18.48.35:793][  0]LogConfig: Setting CVar [[r.SkyAtmosphere.FastSkyLUT.SampleCountMax:32.0]]
[2020.03.05-18.48.35:793][  0]LogConfig: Setting CVar [[r.SkyAtmosphere.SampleCountMin:4.0]]
[2020.03.05-18.48.35:793][  0]LogConfig: Setting CVar [[r.SkyAtmosphere.SampleCountMax:32.0]]
[2020.03.05-18.48.35:793][  0]LogConfig: Setting CVar [[r.SkyAtmosphere.TransmittanceLUT.UseSmallFormat:0]]
[2020.03.05-18.48.35:793][  0]LogConfig: Setting CVar [[r.SkyAtmosphere.TransmittanceLUT.SampleCount:10.0]]
[2020.03.05-18.48.35:793][  0]LogConfig: Setting CVar [[r.SkyAtmosphere.MultiScatteringLUT.SampleCount:15.0]]
[2020.03.05-18.48.35:793][  0]LogConfig: Applying CVar settings from Section [FoliageQuality@3] File [C:/Users/Player Ghost/Documents/Unreal Projects/PongIntegration/Plugins/HelloSerial/Saved/Config/Windows/Scalability.ini]
[2020.03.05-18.48.35:793][  0]LogConfig: Setting CVar [[foliage.DensityScale:1.0]]
[2020.03.05-18.48.35:793][  0]LogConfig: Setting CVar [[grass.DensityScale:1.0]]
[2020.03.05-18.48.35:793][  0]LogConfig: Applying CVar settings from Section [ShadingQuality@3] File [C:/Users/Player Ghost/Documents/Unreal Projects/PongIntegration/Plugins/HelloSerial/Saved/Config/Windows/Scalability.ini]
[2020.03.05-18.48.35:793][  0]LogConfig: Setting CVar [[r.HairStrands.SkyLighting.SampleCount:16]]
[2020.03.05-18.48.35:793][  0]LogConfig: Setting CVar [[r.HairStrands.SkyLighting.JitterIntegration:0]]
[2020.03.05-18.48.35:793][  0]LogConfig: Setting CVar [[r.HairStrands.SkyAO.SampleCount:16]]
[2020.03.05-18.48.35:793][  0]LogConfig: Applying CVar settings from Section [Startup] File [../../../Engine/Config/ConsoleVariables.ini]
[2020.03.05-18.48.35:794][  0]LogConfig: Setting CVar [[net.UseAdaptiveNetUpdateFrequency:0]]
[2020.03.05-18.48.35:794][  0]LogConfig: Setting CVar [[p.chaos.AllowCreatePhysxBodies:1]]
[2020.03.05-18.48.35:794][  0]LogConfig: Applying CVar settings from Section [ConsoleVariables] File [C:/Users/Player Ghost/Documents/Unreal Projects/PongIntegration/Plugins/HelloSerial/Saved/Config/Windows/Engine.ini]
[2020.03.05-18.48.35:794][  0]LogInit: Computer: GHOST-LAPTOP
[2020.03.05-18.48.35:794][  0]LogInit: User: PlayerGhost
[2020.03.05-18.48.35:794][  0]LogInit: CPU Page size=4096, Cores=4
[2020.03.05-18.48.35:794][  0]LogInit: High frequency timer resolution =10.000000 MHz
[2020.03.05-18.48.35:794][  0]LogMemory: Memory total: Physical=7.9GB (8GB approx)
[2020.03.05-18.48.35:794][  0]LogMemory: Platform Memory Stats for Windows
[2020.03.05-18.48.35:794][  0]LogMemory: Process Physical Memory: 105.01 MB used, 105.02 MB peak
[2020.03.05-18.48.35:794][  0]LogMemory: Process Virtual Memory: 100.39 MB used, 100.39 MB peak
[2020.03.05-18.48.35:794][  0]LogMemory: Physical Memory: 4859.07 MB used,  3213.17 MB free, 8072.24 MB total
[2020.03.05-18.48.35:794][  0]LogMemory: Virtual Memory: 5137.69 MB used,  134212592.00 MB free, 134217728.00 MB total
[2020.03.05-18.48.35:796][  0]LogWindows: WindowsPlatformFeatures enabled
[2020.03.05-18.48.35:810][  0]LogInit: Using OS detected language (pt-BR).
[2020.03.05-18.48.35:810][  0]LogInit: Using OS detected locale (pt-BR).
[2020.03.05-18.48.35:835][  0]LogTextLocalizationResource: LocRes '../../../Engine/Content/Localization/Editor/pt/Editor.locres' could not be opened for reading!
[2020.03.05-18.48.35:835][  0]LogTextLocalizationResource: LocRes '../../../Engine/Content/Localization/EditorTutorials/pt/EditorTutorials.locres' could not be opened for reading!
[2020.03.05-18.48.35:835][  0]LogTextLocalizationResource: LocRes '../../../Engine/Content/Localization/Keywords/pt/Keywords.locres' could not be opened for reading!
[2020.03.05-18.48.35:835][  0]LogTextLocalizationResource: LocRes '../../../Engine/Content/Localization/Category/pt/Category.locres' could not be opened for reading!
[2020.03.05-18.48.35:835][  0]LogTextLocalizationResource: LocRes '../../../Engine/Content/Localization/ToolTips/pt/ToolTips.locres' could not be opened for reading!
[2020.03.05-18.48.35:835][  0]LogTextLocalizationResource: LocRes '../../../Engine/Content/Localization/PropertyNames/pt/PropertyNames.locres' could not be opened for reading!
[2020.03.05-18.48.35:835][  0]LogTextLocalizationResource: LocRes '../../../Engine/Content/Localization/Engine/pt/Engine.locres' could not be opened for reading!
[2020.03.05-18.48.35:835][  0]LogTextLocalizationResource: LocRes '../../../Engine/Plugins/Online/Android/OnlineSubsystemGooglePlay/Content/Localization/OnlineSubsystemGooglePlay/pt/OnlineSubsystemGooglePlay.locres' could not be opened for reading!
[2020.03.05-18.48.35:835][  0]LogTextLocalizationResource: LocRes '../../../Engine/Plugins/Online/IOS/OnlineSubsystemIOS/Content/Localization/OnlineSubsystemIOS/pt/OnlineSubsystemIOS.locres' could not be opened for reading!
[2020.03.05-18.48.35:835][  0]LogTextLocalizationResource: LocRes '../../../Engine/Plugins/Online/OnlineSubsystem/Content/Localization/OnlineSubsystem/pt/OnlineSubsystem.locres' could not be opened for reading!
[2020.03.05-18.48.35:835][  0]LogTextLocalizationResource: LocRes '../../../Engine/Plugins/Online/OnlineSubsystemUtils/Content/Localization/OnlineSubsystemUtils/pt/OnlineSubsystemUtils.locres' could not be opened for reading!
[2020.03.05-18.48.35:846][  0]LogInit: Setting process to per monitor DPI aware
[2020.03.05-18.48.35:886][  0]LogSlate: New Slate User Created.  User Index 0, Is Virtual User: 0
[2020.03.05-18.48.35:886][  0]LogSlate: Slate User Registered.  User Index 0, Is Virtual User: 0
[2020.03.05-18.48.36:171][  0]LogHMD: Failed to initialize OpenVR with code 110
[2020.03.05-18.48.36:171][  0]LogD3D11RHI: D3D11 min allowed feature level: 11_0
[2020.03.05-18.48.36:171][  0]LogD3D11RHI: D3D11 max allowed feature level: 11_0
[2020.03.05-18.48.36:171][  0]LogD3D11RHI: D3D11 adapters:
[2020.03.05-18.48.36:220][  0]LogD3D11RHI:    0. 'NVIDIA GeForce MX110' (Feature Level 11_0)
[2020.03.05-18.48.36:220][  0]LogD3D11RHI:       2010/0/4036 MB DedicatedVideo/DedicatedSystem/SharedSystem, Outputs:2, VendorId:0x10de
[2020.03.05-18.48.36:236][  0]LogD3D11RHI:    1. 'Intel(R) UHD Graphics 620' (Feature Level 11_0)
[2020.03.05-18.48.36:237][  0]LogD3D11RHI:       128/0/4036 MB DedicatedVideo/DedicatedSystem/SharedSystem, Outputs:0, VendorId:0x8086
[2020.03.05-18.48.36:238][  0]LogD3D11RHI:    2. 'Microsoft Basic Render Driver' (Feature Level 11_0)
[2020.03.05-18.48.36:239][  0]LogD3D11RHI:       0/0/4036 MB DedicatedVideo/DedicatedSystem/SharedSystem, Outputs:0, VendorId:0x1414
[2020.03.05-18.48.36:239][  0]LogD3D11RHI: Chosen D3D11 Adapter: 0
[2020.03.05-18.48.36:255][  0]LogD3D11RHI: Creating new Direct3DDevice
[2020.03.05-18.48.36:255][  0]LogD3D11RHI:     GPU DeviceId: 0x174e (for the marketing name, search the web for "GPU Device Id")
[2020.03.05-18.48.36:255][  0]LogWindows: EnumDisplayDevices:
[2020.03.05-18.48.36:255][  0]LogWindows:    0. 'Intel(R) UHD Graphics 620' (P:1 D:1)
[2020.03.05-18.48.36:255][  0]LogWindows:    1. 'Intel(R) UHD Graphics 620' (P:0 D:1)
[2020.03.05-18.48.36:256][  0]LogWindows:    2. 'Intel(R) UHD Graphics 620' (P:0 D:0)
[2020.03.05-18.48.36:256][  0]LogWindows: DebugString: PrimaryIsNotTheChoosenAdapter PrimaryIsNotTheChoosenAdapter PrimaryIsNotTheChoosenAdapter FoundDriverCount:0 
[2020.03.05-18.48.36:256][  0]LogD3D11RHI:     Adapter Name: NVIDIA GeForce MX110
[2020.03.05-18.48.36:256][  0]LogD3D11RHI:   Driver Version: Unknown (internal:Unknown, unified:Unknown)
[2020.03.05-18.48.36:256][  0]LogD3D11RHI:      Driver Date: Unknown
[2020.03.05-18.48.36:256][  0]LogRHI: Texture pool is 1407 MB (70% of 2010 MB)
[2020.03.05-18.48.36:294][  0]LogD3D11RHI: RHI has support for 64 bit atomics
[2020.03.05-18.48.36:294][  0]LogD3D11RHI: Async texture creation enabled
[2020.03.05-18.48.36:306][  0]LogD3D11RHI: GPU Timing Frequency: 1000.000000 (Debug: 2 1)
[2020.03.05-18.48.36:587][  0]LogTargetPlatformManager: Display: Loaded TargetPlatform 'AllDesktop'
[2020.03.05-18.48.36:663][  0]LogTargetPlatformManager: Display: Loaded TargetPlatform 'Android'
[2020.03.05-18.48.36:663][  0]LogTargetPlatformManager: Display: Loaded TargetPlatform 'Android_ASTC'
[2020.03.05-18.48.36:663][  0]LogTargetPlatformManager: Display: Loaded TargetPlatform 'Android_ATC'
[2020.03.05-18.48.36:663][  0]LogTargetPlatformManager: Display: Loaded TargetPlatform 'Android_DXT'
[2020.03.05-18.48.36:663][  0]LogTargetPlatformManager: Display: Loaded TargetPlatform 'Android_ETC1'
[2020.03.05-18.48.36:663][  0]LogTargetPlatformManager: Display: Loaded TargetPlatform 'Android_ETC1a'
[2020.03.05-18.48.36:663][  0]LogTargetPlatformManager: Display: Loaded TargetPlatform 'Android_ETC2'
[2020.03.05-18.48.36:663][  0]LogTargetPlatformManager: Display: Loaded TargetPlatform 'Android_PVRTC'
[2020.03.05-18.48.36:663][  0]LogTargetPlatformManager: Display: Loaded TargetPlatform 'AndroidClient'
[2020.03.05-18.48.36:663][  0]LogTargetPlatformManager: Display: Loaded TargetPlatform 'Android_ASTCClient'
[2020.03.05-18.48.36:663][  0]LogTargetPlatformManager: Display: Loaded TargetPlatform 'Android_ATCClient'
[2020.03.05-18.48.36:663][  0]LogTargetPlatformManager: Display: Loaded TargetPlatform 'Android_DXTClient'
[2020.03.05-18.48.36:663][  0]LogTargetPlatformManager: Display: Loaded TargetPlatform 'Android_ETC1Client'
[2020.03.05-18.48.36:664][  0]LogTargetPlatformManager: Display: Loaded TargetPlatform 'Android_ETC1aClient'
[2020.03.05-18.48.36:664][  0]LogTargetPlatformManager: Display: Loaded TargetPlatform 'Android_ETC2Client'
[2020.03.05-18.48.36:664][  0]LogTargetPlatformManager: Display: Loaded TargetPlatform 'Android_PVRTCClient'
[2020.03.05-18.48.36:664][  0]LogTargetPlatformManager: Display: Loaded TargetPlatform 'Android_Multi'
[2020.03.05-18.48.36:664][  0]LogTargetPlatformManager: Display: Loaded TargetPlatform 'Android_MultiClient'
[2020.03.05-18.48.36:702][  0]LogTargetPlatformManager: Display: Loaded TargetPlatform 'IOSClient'
[2020.03.05-18.48.36:702][  0]LogTargetPlatformManager: Display: Loaded TargetPlatform 'IOS'
[2020.03.05-18.48.36:710][  0]LogTargetPlatformManager: Display: Loaded TargetPlatform 'LinuxNoEditor'
[2020.03.05-18.48.36:716][  0]LogTargetPlatformManager: Display: Loaded TargetPlatform 'LinuxClient'
[2020.03.05-18.48.36:723][  0]LogTargetPlatformManager: Display: Loaded TargetPlatform 'LinuxServer'
[2020.03.05-18.48.36:730][  0]LogTargetPlatformManager: Display: Loaded TargetPlatform 'LinuxAArch64NoEditor'
[2020.03.05-18.48.36:737][  0]LogTargetPlatformManager: Display: Loaded TargetPlatform 'LinuxAArch64Client'
[2020.03.05-18.48.36:744][  0]LogTargetPlatformManager: Display: Loaded TargetPlatform 'LinuxAArch64Server'
[2020.03.05-18.48.36:767][  0]LogTargetPlatformManager: Display: Loaded TargetPlatform 'Lumin'
[2020.03.05-18.48.36:767][  0]LogTargetPlatformManager: Display: Loaded TargetPlatform 'LuminClient'
[2020.03.05-18.48.36:781][  0]LogTargetPlatformManager: Display: Loaded TargetPlatform 'TVOSClient'
[2020.03.05-18.48.36:781][  0]LogTargetPlatformManager: Display: Loaded TargetPlatform 'TVOS'
[2020.03.05-18.48.36:788][  0]LogTargetPlatformManager: Display: Loaded TargetPlatform 'WindowsNoEditor'
[2020.03.05-18.48.36:796][  0]LogTargetPlatformManager: Display: Loaded TargetPlatform 'Windows'
[2020.03.05-18.48.36:802][  0]LogTargetPlatformManager: Display: Loaded TargetPlatform 'WindowsClient'
[2020.03.05-18.48.36:809][  0]LogTargetPlatformManager: Display: Loaded TargetPlatform 'WindowsServer'
[2020.03.05-18.48.36:809][  0]LogTargetPlatformManager: Display: Building Assets For Windows
[2020.03.05-18.48.36:811][  0]LogAudioDebug: Display: Lib vorbis DLL was dynamically loaded.
[2020.03.05-18.48.36:829][  0]LogShaderCompilers: Guid format shader working directory is -45 characters bigger than the processId version (../../../../../../Users/Player Ghost/Documents/Unreal Projects/PongIntegration/Plugins/HelloSerial/Intermediate/Shaders/WorkingDirectory/1004/).
[2020.03.05-18.48.36:829][  0]LogShaderCompilers: Cleaned the shader compiler working directory 'C:/Users/Player Ghost/AppData/Local/Temp/UnrealShaderWorkingDir/5D33463743B4084F70BE518BDE52170F/'.
[2020.03.05-18.48.36:829][  0]LogXGEController: Cannot use XGE Controller as Incredibuild is not installed on this machine.
[2020.03.05-18.48.36:829][  0]LogShaderCompilers: Cannot use XGE Shader Compiler as Incredibuild is not installed on this machine.
[2020.03.05-18.48.36:829][  0]LogShaderCompilers: Display: Using Local Shader Compiler.
[2020.03.05-18.48.37:645][  0]LogDerivedDataCache: Display: Max Cache Size: 512 MB
[2020.03.05-18.48.37:696][  0]LogDerivedDataCache: Loaded boot cache 0.05s 78MB C:/Users/Player Ghost/AppData/Local/UnrealEngine/4.24/DerivedDataCache/Boot.ddc.
[2020.03.05-18.48.37:696][  0]LogDerivedDataCache: Display: Loaded Boot cache: C:/Users/Player Ghost/AppData/Local/UnrealEngine/4.24/DerivedDataCache/Boot.ddc
[2020.03.05-18.48.37:696][  0]LogDerivedDataCache: FDerivedDataBackendGraph:  Pak pak cache file ../../../../../../Users/Player Ghost/Documents/Unreal Projects/PongIntegration/Plugins/HelloSerial/DerivedDataCache/DDC.ddp not found, will not use a pak cache.
[2020.03.05-18.48.37:697][  0]LogDerivedDataCache: Unable to find inner node Pak for hierarchical cache Hierarchy.
[2020.03.05-18.48.37:697][  0]LogDerivedDataCache: FDerivedDataBackendGraph:  CompressedPak pak cache file ../../../../../../Users/Player Ghost/Documents/Unreal Projects/PongIntegration/Plugins/HelloSerial/DerivedDataCache/Compressed.ddp not found, will not use a pak cache.
[2020.03.05-18.48.37:697][  0]LogDerivedDataCache: Unable to find inner node CompressedPak for hierarchical cache Hierarchy.
[2020.03.05-18.48.37:707][  0]LogDerivedDataCache: Display: Pak cache opened for reading ../../../Engine/DerivedDataCache/Compressed.ddp.
[2020.03.05-18.48.37:707][  0]LogDerivedDataCache: FDerivedDataBackendGraph:  EnterprisePak pak cache file ../../../Enterprise/DerivedDataCache/Compressed.ddp not found, will not use a pak cache.
[2020.03.05-18.48.37:707][  0]LogDerivedDataCache: Unable to find inner node EnterprisePak for hierarchical cache Hierarchy.
[2020.03.05-18.48.37:708][  0]LogDerivedDataCache: Using Local data cache path C:/Users/Player Ghost/AppData/Local/UnrealEngine/Common/DerivedDataCache: Writable
[2020.03.05-18.48.37:708][  0]LogDerivedDataCache: Shared data cache path not found in *engine.ini, will not use an Shared cache.
[2020.03.05-18.48.37:708][  0]LogDerivedDataCache: Unable to find inner node Shared for hierarchical cache Hierarchy.
[2020.03.05-18.48.37:732][  0]LogMaterial: Verifying Global Shaders for PCD3D_SM5
[2020.03.05-18.48.37:735][  0]LogSlate: Using FreeType 2.10.0
[2020.03.05-18.48.37:735][  0]LogSlate: SlateFontServices - WITH_FREETYPE: 1, WITH_HARFBUZZ: 1
[2020.03.05-18.48.37:783][  0]LogAssetRegistry: FAssetRegistry took 0.0025 seconds to start up
[2020.03.05-18.48.38:069][  0]LogInit: Selected Device Profile: [Windows]
[2020.03.05-18.48.38:213][  0]LogMeshReduction: Using QuadricMeshReduction for automatic static mesh reduction
[2020.03.05-18.48.38:213][  0]LogMeshReduction: Using SimplygonMeshReduction for automatic skeletal mesh reduction
[2020.03.05-18.48.38:213][  0]LogMeshReduction: Using ProxyLODMeshReduction for automatic mesh merging
[2020.03.05-18.48.38:213][  0]LogMeshReduction: No distributed automatic mesh merging module available
[2020.03.05-18.48.38:213][  0]LogMeshMerging: No distributed automatic mesh merging module available
[2020.03.05-18.48.38:227][  0]LogNetVersion: HelloSerial 1.0.0, NetCL: 10570792, EngineNetVer: 13, GameNetVer: 0 (Checksum: 538172556)
[2020.03.05-18.48.39:314][  0]LogPackageLocalizationCache: Processed 10 localized package path(s) for 2 prioritized culture(s) in 0.117853 seconds
[2020.03.05-18.48.39:321][  0]LogUObjectArray: 46750 objects as part of root set at end of initial load.
[2020.03.05-18.48.39:321][  0]LogUObjectAllocator: 8137160 out of 0 bytes used by permanent object pool.
[2020.03.05-18.48.39:321][  0]LogUObjectArray: CloseDisregardForGC: 0/0 objects in disregard for GC pool
[2020.03.05-18.48.39:684][  0]LogTcpMessaging: Initializing TcpMessaging bridge
[2020.03.05-18.48.39:687][  0]LogUdpMessaging: Initializing bridge on interface 0.0.0.0:0 to multicast group 230.0.0.1:6666.
[2020.03.05-18.48.39:979][  0]SourceControl: Controle de origem desativado
[2020.03.05-18.48.39:980][  0]SourceControl: Controle de origem desativado
[2020.03.05-18.48.39:980][  0]SourceControl: Controle de origem desativado
[2020.03.05-18.48.39:981][  0]SourceControl: Controle de origem desativado
[2020.03.05-18.48.39:982][  0]SourceControl: Controle de origem desativado
[2020.03.05-18.48.40:041][  0]LogAndroidPermission: UAndroidPermissionCallbackProxy::GetInstance
[2020.03.05-18.48.40:049][  0]LogAudioCaptureCore: Display: No Audio Capture implementations found. Audio input will be silent.
[2020.03.05-18.48.40:049][  0]LogAudioCaptureCore: Display: No Audio Capture implementations found. Audio input will be silent.
[2020.03.05-18.48.40:113][  0]LogOcInput: OculusInput pre-init called
[2020.03.05-18.48.40:119][  0]LogWindows: Failed to load 'OVRPlugin.dll' (GetLastError=126)
[2020.03.05-18.48.40:119][  0]LogWindows: File 'OVRPlugin.dll' does not exist
[2020.03.05-18.48.40:120][  0]LogTemp: Warning: Unreal Serial: SerialPort object created.
[2020.03.05-18.48.40:121][  0]ModuleLog: Warning: UnrealSerial: Plugin Started
[2020.03.05-18.48.40:200][  0]LogEngine: Initializing Engine...
[2020.03.05-18.48.40:201][  0]LogHMD: Failed to initialize OpenVR with code 110
[2020.03.05-18.48.40:202][  0]LogStats: UGameplayTagsManager::InitializeManager -  0.000 s
[2020.03.05-18.48.40:545][  0]LogInit: Initializing FReadOnlyCVARCache
[2020.03.05-18.48.40:551][  0]LogAIModule: Creating AISystem for world Untitled
[2020.03.05-18.48.40:564][  0]LogAudioMixer: Display: Audio Mixer Platform Settings:
[2020.03.05-18.48.40:564][  0]LogAudioMixer: Display: 	Sample Rate:						  48000
[2020.03.05-18.48.40:564][  0]LogAudioMixer: Display: 	Callback Buffer Frame Size Requested: 256
[2020.03.05-18.48.40:564][  0]LogAudioMixer: Display: 	Callback Buffer Frame Size To Use:	  256
[2020.03.05-18.48.40:564][  0]LogAudioMixer: Display: 	Number of buffers to queue:			  7
[2020.03.05-18.48.40:564][  0]LogAudioMixer: Display: 	Max Channels (voices):				  32
[2020.03.05-18.48.40:564][  0]LogAudioMixer: Display: 	Number of Async Source Workers:		  0
[2020.03.05-18.48.40:564][  0]LogAudio: Display: AudioDevice MaxSources: 32
[2020.03.05-18.48.40:564][  0]LogAudio: Display: Using built-in audio occlusion.
[2020.03.05-18.48.40:564][  0]LogAudioMixer: Display: Initializing audio mixer.
[2020.03.05-18.48.40:587][  0]LogAudioMixer: Display: Audio Device Output Speaker Info:
[2020.03.05-18.48.40:587][  0]LogAudioMixer: Display: Name: Fones de ouvido (BW-FYE7 L Stereo)
[2020.03.05-18.48.40:587][  0]LogAudioMixer: Display: Is Default: Yes
[2020.03.05-18.48.40:587][  0]LogAudioMixer: Display: Sample Rate: 44100
[2020.03.05-18.48.40:587][  0]LogAudioMixer: Display: Channel Count Used: 2
[2020.03.05-18.48.40:587][  0]LogAudioMixer: Display: Device Channel Count: 2
[2020.03.05-18.48.40:587][  0]LogAudioMixer: Display: Channel Order:
[2020.03.05-18.48.40:587][  0]LogAudioMixer: Display: 0: FrontLeft
[2020.03.05-18.48.40:587][  0]LogAudioMixer: Display: 1: FrontRight
[2020.03.05-18.48.40:605][  0]LogAudioMixer: Display: Using Audio Device Fones de ouvido (BW-FYE7 L Stereo)
[2020.03.05-18.48.40:605][  0]LogInit: FAudioDevice initialized.
[2020.03.05-18.48.40:606][  0]LogNetVersion: Set ProjectVersion to 1.0.0.0. Version Checksum will be recalculated on next use.
[2020.03.05-18.48.40:859][  0]LogDerivedDataCache: Saved boot cache 0.25s 78MB C:/Users/Player Ghost/AppData/Local/UnrealEngine/4.24/DerivedDataCache/Boot.ddc.
[2020.03.05-18.48.40:865][  0]LogInit: Texture streaming: Enabled
[2020.03.05-18.48.40:872][  0]LogEngineSessionManager: EngineSessionManager initialized
[2020.03.05-18.48.40:872][  0]LogEditorSessionSummary: Verbose: Initializing EditorSessionSummaryWriter for editor session tracking
[2020.03.05-18.48.40:873][  0]LogEditorSessionSummary: EditorSessionSummaryWriter initialized
[2020.03.05-18.48.40:916][  0]LogInit: Transaction tracking system initialized
[2020.03.05-18.48.40:923][  0]BlueprintLog: New page: Carregar Editor
[2020.03.05-18.48.40:944][  0]LocalizationService: Localization service is disabled
[2020.03.05-18.48.41:187][  0]LogFileCache: Scanning file cache for directory 'C:/Users/Player Ghost/Documents/Unreal Projects/PongIntegration/Plugins/HelloSerial/Content/' took 0.01s
[2020.03.05-18.48.41:187][  0]LogCook: Display: Max memory allowance for cook 16384mb min free memory 0mb
[2020.03.05-18.48.41:187][  0]LogCook: Display: Mobile HDR setting 1
[2020.03.05-18.48.41:942][  0]SourceControl: Controle de origem desativado
[2020.03.05-18.48.41:942][  0]Cmd: MAP LOAD FILE="../../../Engine/Content/Maps/Templates/Template_Default.umap" TEMPLATE=1 SHOWPROGRESS=1 FEATURELEVEL=3
[2020.03.05-18.48.41:943][  0]LightingResults: New page: Compilação de Iluminação
[2020.03.05-18.48.41:943][  0]LogWorld: UWorld::CleanupWorld for Untitled, bSessionEnded=true, bCleanupResources=true
[2020.03.05-18.48.41:943][  0]LogSlate: InvalidateAllWidgets triggered.  All widgets were invalidated
[2020.03.05-18.48.41:943][  0]MapCheck: New page: Verificação de Mapa
[2020.03.05-18.48.41:943][  0]LightingResults: New page: Compilação de Iluminação
[2020.03.05-18.48.41:968][  0]LogUObjectHash: Compacting FUObjectHashTables data took   1.79ms
[2020.03.05-18.48.42:034][  0]LogAIModule: Creating AISystem for world Untitled_1
[2020.03.05-18.48.42:037][  0]LogEditorServer: Finished looking for orphan Actors (0.000 secs)
[2020.03.05-18.48.42:062][  0]LogUObjectHash: Compacting FUObjectHashTables data took   2.05ms
[2020.03.05-18.48.42:063][  0]Cmd: MAP CHECKDEP NOCLEARLOG
[2020.03.05-18.48.42:063][  0]MapCheck: Map check complete: 0 Error(s), 0 Warning(s), took 0,147ms to complete.
[2020.03.05-18.48.42:063][  0]LogFileHelpers: Loading map 'Template_Default' took 0.120
[2020.03.05-18.48.42:386][  0]LogSlate: Updating window title bar state: overlay mode, drag disabled, window buttons hidden, title bar hidden
[2020.03.05-18.48.42:392][  0]LogSlate: Updating window title bar state: overlay mode, drag disabled, window buttons hidden, title bar hidden
[2020.03.05-18.48.42:399][  0]LogSlate: Updating window title bar state: overlay mode, drag disabled, window buttons hidden, title bar hidden
[2020.03.05-18.48.42:405][  0]LogSlate: Updating window title bar state: overlay mode, drag disabled, window buttons hidden, title bar hidden
[2020.03.05-18.48.42:409][  0]LogCollectionManager: Loaded 0 collections in 0.001686 seconds
[2020.03.05-18.48.42:438][  0]LogFileCache: Scanning file cache for directory 'C:/Users/Player Ghost/Documents/Unreal Projects/PongIntegration/Plugins/HelloSerial/Saved/Collections/' took 0.00s
[2020.03.05-18.48.42:438][  0]LogFileCache: Scanning file cache for directory 'C:/Users/Player Ghost/Documents/Unreal Projects/PongIntegration/Plugins/HelloSerial/Content/Developers/PlayerGhost/Collections/' took 0.00s
[2020.03.05-18.48.42:438][  0]LogFileCache: Scanning file cache for directory 'C:/Users/Player Ghost/Documents/Unreal Projects/PongIntegration/Plugins/HelloSerial/Content/Collections/' took 0.00s
[2020.03.05-18.48.42:438][  0]LogContentBrowser: Native class hierarchy populated in 0.0255 seconds. Added 3017 classes and 722 folders.
[2020.03.05-18.48.42:440][  0]LogContentBrowser: Native class hierarchy updated for 'WidgetCarousel' in 0.0003 seconds. Added 0 classes and 0 folders.
[2020.03.05-18.48.42:481][  0]LogContentBrowser: Native class hierarchy updated for 'AddContentDialog' in 0.0003 seconds. Added 0 classes and 0 folders.
[2020.03.05-18.48.42:487][  0]LogContentBrowser: Native class hierarchy updated for 'SceneOutliner' in 0.0003 seconds. Added 2 classes and 3 folders.
[2020.03.05-18.48.42:530][  0]LogSlate: Took 0.000155 seconds to synchronously load lazily loaded font '../../../Engine/Content/Slate/Fonts/Roboto-Regular.ttf' (155K)
[2020.03.05-18.48.42:531][  0]LogSlate: Took 0.000116 seconds to synchronously load lazily loaded font '../../../Engine/Content/Slate/Fonts/Roboto-Bold.ttf' (160K)
[2020.03.05-18.48.42:537][  0]LogSlate: Took 0.000155 seconds to synchronously load lazily loaded font '../../../Engine/Content/Editor/Slate/Fonts/FontAwesome.ttf' (139K)
[2020.03.05-18.48.42:790][  0]LogRenderer: Reallocating scene render targets to support 960x432 Format 10 NumSamples 1 (Frame:1).
[2020.03.05-18.48.42:938][  0]LogContentBrowser: Native class hierarchy updated for 'HierarchicalLODOutliner' in 0.0003 seconds. Added 0 classes and 0 folders.
[2020.03.05-18.48.42:938][  0]LogLoad: (Engine Initialization) Total time: 8.94 seconds
[2020.03.05-18.48.42:938][  0]LogLoad: (Engine Initialization) Total Blueprint compile time: 0.00 seconds
[2020.03.05-18.48.43:049][  0]LogContentStreaming: Texture pool size now 1000 MB
[2020.03.05-18.48.43:057][  0]LogSlate: Took 0.000097 seconds to synchronously load lazily loaded font '../../../Engine/Content/Slate/Fonts/Roboto-Light.ttf' (167K)
[2020.03.05-18.48.43:167][  2]LogAssetRegistry: Asset discovery search completed in 5.3847 seconds
[2020.03.05-18.48.43:171][  2]LogCollectionManager: Fixed up redirectors for 0 collections in 0.000008 seconds (updated 0 objects)
[2020.03.05-18.48.54:668][677]LogTemp: Repeating last play command: Selected Viewport
[2020.03.05-18.48.54:681][677]LogPlayLevel: PlayLevel: No blueprints needed recompiling
[2020.03.05-18.48.54:681][677]PIE: New page: Sessão de PIE : Untitled_1 (5 de mar de 2020 12:48:54)
[2020.03.05-18.48.54:682][677]LogOnline: OSS: Creating online subsystem instance for: NULL
[2020.03.05-18.48.54:683][677]LogOnline: OSS: TryLoadSubsystemAndSetDefault: Loaded subsystem for module [NULL]
[2020.03.05-18.48.54:683][677]LogPlayLevel: Creating play world package: /Temp/UEDPIE_0_Untitled_1
[2020.03.05-18.48.54:685][677]LogPlayLevel: PIE: StaticDuplicateObject took: (0.001846s)
[2020.03.05-18.48.54:686][677]LogAIModule: Creating AISystem for world Untitled_1
[2020.03.05-18.48.54:686][677]LogPlayLevel: PIE: World Init took: (0.001017s)
[2020.03.05-18.48.54:686][677]LogPlayLevel: PIE: Created PIE world by copying editor world from /Temp/Untitled_1.Untitled_1 to /Temp/UEDPIE_0_Untitled_1.Untitled_1 (0.003067s)
[2020.03.05-18.48.54:707][677]LogUObjectHash: Compacting FUObjectHashTables data took   1.41ms
[2020.03.05-18.48.54:708][677]LogAudioMixer: Display: Audio Mixer Platform Settings:
[2020.03.05-18.48.54:708][677]LogAudioMixer: Display: 	Sample Rate:						  48000
[2020.03.05-18.48.54:708][677]LogAudioMixer: Display: 	Callback Buffer Frame Size Requested: 256
[2020.03.05-18.48.54:708][677]LogAudioMixer: Display: 	Callback Buffer Frame Size To Use:	  256
[2020.03.05-18.48.54:708][677]LogAudioMixer: Display: 	Number of buffers to queue:			  7
[2020.03.05-18.48.54:708][677]LogAudioMixer: Display: 	Max Channels (voices):				  32
[2020.03.05-18.48.54:708][677]LogAudioMixer: Display: 	Number of Async Source Workers:		  0
[2020.03.05-18.48.54:708][677]LogAudio: Display: AudioDevice MaxSources: 32
[2020.03.05-18.48.54:708][677]LogAudio: Display: Using built-in audio occlusion.
[2020.03.05-18.48.54:708][677]LogAudioMixer: Display: Initializing audio mixer.
[2020.03.05-18.48.54:720][677]LogAudioMixer: Display: Audio Device Output Speaker Info:
[2020.03.05-18.48.54:720][677]LogAudioMixer: Display: Name: Fones de ouvido (BW-FYE7 L Stereo)
[2020.03.05-18.48.54:720][677]LogAudioMixer: Display: Is Default: Yes
[2020.03.05-18.48.54:720][677]LogAudioMixer: Display: Sample Rate: 44100
[2020.03.05-18.48.54:720][677]LogAudioMixer: Display: Channel Count Used: 2
[2020.03.05-18.48.54:720][677]LogAudioMixer: Display: Device Channel Count: 2
[2020.03.05-18.48.54:720][677]LogAudioMixer: Display: Channel Order:
[2020.03.05-18.48.54:720][677]LogAudioMixer: Display: 0: FrontLeft
[2020.03.05-18.48.54:720][677]LogAudioMixer: Display: 1: FrontRight
[2020.03.05-18.48.54:727][677]LogAudioMixer: Display: Using Audio Device Fones de ouvido (BW-FYE7 L Stereo)
[2020.03.05-18.48.54:728][677]LogInit: FAudioDevice initialized.
[2020.03.05-18.48.54:739][677]LogLoad: Game class is 'GameModeBase'
[2020.03.05-18.48.54:740][677]LogWorld: Bringing World /Temp/UEDPIE_0_Untitled_1.Untitled_1 up for play (max tick rate 60) at 2020.03.05-15.48.54
[2020.03.05-18.48.54:741][677]LogWorld: Bringing up level for play took: 0.000453
[2020.03.05-18.48.54:741][677]LogOnline: OSS: Creating online subsystem instance for: :Context_1
[2020.03.05-18.48.54:796][677]LogContentBrowser: Native class hierarchy updated for 'MovieSceneCapture' in 0.0004 seconds. Added 20 classes and 0 folders.
[2020.03.05-18.48.54:864][677]PIE: Momento de início de reprodução no editor para /Temp/UEDPIE_0_Untitled_1 -0,604
[2020.03.05-18.49.19:464][139]LogAudioMixer: Display: No commands were queued while flushing the source manager.
[2020.03.05-18.49.19:464][139]LogAudioMixer: Display: No commands were queued while flushing the source manager.
[2020.03.05-18.49.19:474][139]LogSlate: Updating window title bar state: overlay mode, drag disabled, window buttons hidden, title bar hidden
[2020.03.05-18.49.19:474][139]LogWorld: BeginTearingDown for /Temp/UEDPIE_0_Untitled_1
[2020.03.05-18.49.19:474][139]LogAudioMixer: Display: No commands were queued while flushing the source manager.
[2020.03.05-18.49.19:474][139]LogWorld: UWorld::CleanupWorld for Untitled_1, bSessionEnded=true, bCleanupResources=true
[2020.03.05-18.49.19:474][139]LogSlate: InvalidateAllWidgets triggered.  All widgets were invalidated
[2020.03.05-18.49.19:483][139]LogPlayLevel: Display: Shutting down PIE online subsystems
[2020.03.05-18.49.19:487][139]LogSlate: InvalidateAllWidgets triggered.  All widgets were invalidated
[2020.03.05-18.49.19:510][139]LogAudioMixer: Display: No commands were queued while flushing the source manager.
[2020.03.05-18.49.19:512][139]LogSlate: Updating window title bar state: overlay mode, drag disabled, window buttons hidden, title bar hidden
[2020.03.05-18.49.19:515][139]LogUObjectHash: Compacting FUObjectHashTables data took   1.61ms
[2020.03.05-18.49.19:581][143]LogPlayLevel: Display: Destroying online subsystem :Context_1
[2020.03.05-18.49.20:729][204]LogSlate: Took 0.000114 seconds to synchronously load lazily loaded font '../../../Engine/Content/Slate/Fonts/Roboto-Light.ttf' (167K)
[2020.03.05-18.49.20:936][204]LogAIModule: Creating AISystem for world Serial
[2020.03.05-18.49.20:963][204]LogAssetEditorSubsystem: Opening Asset editor for World /Game/Serial.Serial
[2020.03.05-18.49.20:998][204]LogUObjectHash: Compacting FUObjectHashTables data took   2.13ms
[2020.03.05-18.49.20:999][204]Cmd: MAP LOAD FILE="../../../../../../Users/Player Ghost/Documents/Unreal Projects/PongIntegration/Plugins/HelloSerial/Content/Serial.umap" TEMPLATE=0 SHOWPROGRESS=1 FEATURELEVEL=3
[2020.03.05-18.49.21:000][204]LightingResults: New page: Compilação de Iluminação
[2020.03.05-18.49.21:000][204]LoadErrors: New page: Carregando mapa: Serial.umap
[2020.03.05-18.49.21:029][204]LogWorld: UWorld::CleanupWorld for Untitled_1, bSessionEnded=true, bCleanupResources=true
[2020.03.05-18.49.21:029][204]LogSlate: InvalidateAllWidgets triggered.  All widgets were invalidated
[2020.03.05-18.49.21:029][204]MapCheck: New page: Verificação de Mapa
[2020.03.05-18.49.21:029][204]LightingResults: New page: Compilação de Iluminação
[2020.03.05-18.49.21:050][204]LogUObjectHash: Compacting FUObjectHashTables data took   1.48ms
[2020.03.05-18.49.21:051][204]LogEditorServer: Finished looking for orphan Actors (0.000 secs)
[2020.03.05-18.49.21:074][204]LogUObjectHash: Compacting FUObjectHashTables data took   1.45ms
[2020.03.05-18.49.21:093][204]Cmd: MAP CHECKDEP NOCLEARLOG
[2020.03.05-18.49.21:093][204]MapCheck: Map check complete: 0 Error(s), 0 Warning(s), took 0,102ms to complete.
[2020.03.05-18.49.21:093][204]LogFileHelpers: Loading map 'Serial' took 0.095
[2020.03.05-18.49.23:365][332]LogTemp: Repeating last play command: Selected Viewport
[2020.03.05-18.49.23:397][332]LogBlueprintUserMessages: Early PlayInEditor Detection: Level '/Game/Serial.Serial:PersistentLevel' has LevelScriptBlueprint '/Game/Serial.Serial:PersistentLevel.Serial' with GeneratedClass '/Game/Serial.Serial_C' with ClassGeneratedBy '/Game/Serial.Serial:PersistentLevel.Serial'
[2020.03.05-18.49.23:397][332]LogPlayLevel: PlayLevel: No blueprints needed recompiling
[2020.03.05-18.49.23:397][332]PIE: New page: Sessão de PIE : Serial (5 de mar de 2020 12:49:23)
[2020.03.05-18.49.23:397][332]LogPlayLevel: Creating play world package: /Game/UEDPIE_0_Serial
[2020.03.05-18.49.23:469][332]LogPlayLevel: PIE: StaticDuplicateObject took: (0.071114s)
[2020.03.05-18.49.23:470][332]LogAIModule: Creating AISystem for world Serial
[2020.03.05-18.49.23:470][332]LogPlayLevel: PIE: World Init took: (0.000945s)
[2020.03.05-18.49.23:470][332]LogPlayLevel: PIE: Created PIE world by copying editor world from /Game/Serial.Serial to /Game/UEDPIE_0_Serial.Serial (0.072279s)
[2020.03.05-18.49.23:493][332]LogUObjectHash: Compacting FUObjectHashTables data took   1.36ms
[2020.03.05-18.49.23:493][332]LogAudioMixer: Display: Audio Mixer Platform Settings:
[2020.03.05-18.49.23:493][332]LogAudioMixer: Display: 	Sample Rate:						  48000
[2020.03.05-18.49.23:493][332]LogAudioMixer: Display: 	Callback Buffer Frame Size Requested: 256
[2020.03.05-18.49.23:493][332]LogAudioMixer: Display: 	Callback Buffer Frame Size To Use:	  256
[2020.03.05-18.49.23:493][332]LogAudioMixer: Display: 	Number of buffers to queue:			  7
[2020.03.05-18.49.23:493][332]LogAudioMixer: Display: 	Max Channels (voices):				  32
[2020.03.05-18.49.23:493][332]LogAudioMixer: Display: 	Number of Async Source Workers:		  0
[2020.03.05-18.49.23:493][332]LogAudio: Display: AudioDevice MaxSources: 32
[2020.03.05-18.49.23:494][332]LogAudio: Display: Using built-in audio occlusion.
[2020.03.05-18.49.23:494][332]LogAudioMixer: Display: Initializing audio mixer.
[2020.03.05-18.49.23:505][332]LogAudioMixer: Display: Audio Device Output Speaker Info:
[2020.03.05-18.49.23:505][332]LogAudioMixer: Display: Name: Fones de ouvido (BW-FYE7 L Stereo)
[2020.03.05-18.49.23:505][332]LogAudioMixer: Display: Is Default: Yes
[2020.03.05-18.49.23:505][332]LogAudioMixer: Display: Sample Rate: 44100
[2020.03.05-18.49.23:505][332]LogAudioMixer: Display: Channel Count Used: 2
[2020.03.05-18.49.23:505][332]LogAudioMixer: Display: Device Channel Count: 2
[2020.03.05-18.49.23:505][332]LogAudioMixer: Display: Channel Order:
[2020.03.05-18.49.23:505][332]LogAudioMixer: Display: 0: FrontLeft
[2020.03.05-18.49.23:505][332]LogAudioMixer: Display: 1: FrontRight
[2020.03.05-18.49.23:512][332]LogAudioMixer: Display: Using Audio Device Fones de ouvido (BW-FYE7 L Stereo)
[2020.03.05-18.49.23:513][332]LogInit: FAudioDevice initialized.
[2020.03.05-18.49.23:518][332]LogLoad: Game class is 'GameModeBase'
[2020.03.05-18.49.23:519][332]LogWorld: Bringing World /Game/UEDPIE_0_Serial.Serial up for play (max tick rate 60) at 2020.03.05-15.49.23
[2020.03.05-18.49.23:522][332]LogWorld: Bringing up level for play took: 0.003177
[2020.03.05-18.49.23:522][332]LogOnline: OSS: Creating online subsystem instance for: :Context_2
[2020.03.05-18.49.23:524][332]LogTemp: Warning: Unreal Serial: SerialPort object created.
[2020.03.05-18.49.23:524][332]PIE: Momento de início de reprodução no editor para /Game/UEDPIE_0_Serial 0,057
[2020.03.05-18.49.23:524][332]LogBlueprintUserMessages: Late PlayInEditor Detection: Level '/Game/Serial.Serial:PersistentLevel' has LevelScriptBlueprint '/Game/Serial.Serial:PersistentLevel.Serial' with GeneratedClass '/Game/Serial.Serial_C' with ClassGeneratedBy '/Game/Serial.Serial:PersistentLevel.Serial'
[2020.03.05-18.49.25:900][473]LogTemp: Warning: Unreal Serial: Trying to open: \\.\COM3.
[2020.03.05-18.49.25:973][473]LogTemp: Warning: Unreal Serial: \\.\COM3 opened.
[2020.03.05-18.49.25:973][473]LogBlueprintUserMessages: [Serial_C_64] true
